<?xml version="1.0" encoding="UTF-8"?>
<robot generator="Robot 6.0.1 (Python 3.9.15 on darwin)" generated="20221201 16:10:26.402" rpa="false" schemaversion="3">
<suite id="s1" name="testPutAndGetTests" source="/Users/yutingwang/Desktop/CS/cscc01/2022TAc01/a1/marking/testPutAndGetTests.robot">
<test id="s1-t1" name="TestAddActor200" line="7">
<kw name="Create Session" library="RequestsLibrary">
<arg>localhost</arg>
<arg>http://localhost:8080</arg>
<doc>Create Session: create a HTTP session to a server</doc>
<msg timestamp="20221201 16:10:26.551" level="INFO">Creating Session using : alias=localhost, url=http://localhost:8080, headers={},                     cookies={}, auth=None, timeout=None, proxies=None, verify=False,                     debug=0 </msg>
<status status="PASS" starttime="20221201 16:10:26.550" endtime="20221201 16:10:26.551"/>
</kw>
<kw name="Create Dictionary" library="BuiltIn">
<var>${headers}</var>
<arg>Content-Type=application/json</arg>
<doc>Creates and returns a dictionary based on the given ``items``.</doc>
<msg timestamp="20221201 16:10:26.552" level="INFO">${headers} = {'Content-Type': 'application/json'}</msg>
<status status="PASS" starttime="20221201 16:10:26.551" endtime="20221201 16:10:26.552"/>
</kw>
<kw name="Create Dictionary" library="BuiltIn">
<var>${params}</var>
<arg>name=Swetha Maramganty</arg>
<arg>actorId=nm1</arg>
<doc>Creates and returns a dictionary based on the given ``items``.</doc>
<msg timestamp="20221201 16:10:26.552" level="INFO">${params} = {'name': 'Swetha Maramganty', 'actorId': 'nm1'}</msg>
<status status="PASS" starttime="20221201 16:10:26.552" endtime="20221201 16:10:26.552"/>
</kw>
<kw name="PUT On Session" library="RequestsLibrary">
<var>${resp}</var>
<arg>localhost</arg>
<arg>/api/v1/addActor</arg>
<arg>json=${params}</arg>
<arg>headers=${headers}</arg>
<doc>Sends a PUT request on a previously created HTTP Session.</doc>
<msg timestamp="20221201 16:10:26.565" level="WARN">Retrying (RetryAdapter(total=2, connect=None, read=None, redirect=None, status=None)) after connection broken by 'ProtocolError('Connection aborted.', RemoteDisconnected('Remote end closed connection without response'))': /api/v1/addActor</msg>
<msg timestamp="20221201 16:10:26.772" level="WARN">Retrying (RetryAdapter(total=1, connect=None, read=None, redirect=None, status=None)) after connection broken by 'ProtocolError('Connection aborted.', RemoteDisconnected('Remote end closed connection without response'))': /api/v1/addActor</msg>
<msg timestamp="20221201 16:10:27.179" level="WARN">Retrying (RetryAdapter(total=0, connect=None, read=None, redirect=None, status=None)) after connection broken by 'ProtocolError('Connection aborted.', RemoteDisconnected('Remote end closed connection without response'))': /api/v1/addActor</msg>
<msg timestamp="20221201 16:10:27.186" level="FAIL">ConnectionError: HTTPConnectionPool(host='localhost', port=8080): Max retries exceeded with url: /api/v1/addActor (Caused by ProtocolError('Connection aborted.', RemoteDisconnected('Remote end closed connection without response')))</msg>
<status status="FAIL" starttime="20221201 16:10:26.553" endtime="20221201 16:10:27.198"/>
</kw>
<kw name="Should Be Equal As Strings" library="BuiltIn">
<arg>${resp.status_code}</arg>
<arg>200</arg>
<doc>Fails if objects are unequal after converting them to strings.</doc>
<status status="NOT RUN" starttime="20221201 16:10:27.198" endtime="20221201 16:10:27.198"/>
</kw>
<timeout value="30 seconds"/>
<status status="FAIL" starttime="20221201 16:10:26.549" endtime="20221201 16:10:27.198">ConnectionError: HTTPConnectionPool(host='localhost', port=8080): Max retries exceeded with url: /api/v1/addActor (Caused by ProtocolError('Connection aborted.', RemoteDisconnected('Remote end closed connection without response')))</status>
</test>
<test id="s1-t2" name="Test2AddActorIgnoreExtraParam200" line="14">
<kw name="Create Session" library="RequestsLibrary">
<arg>localhost</arg>
<arg>http://localhost:8080</arg>
<doc>Create Session: create a HTTP session to a server</doc>
<msg timestamp="20221201 16:10:27.200" level="INFO">Creating Session using : alias=localhost, url=http://localhost:8080, headers={},                     cookies={}, auth=None, timeout=None, proxies=None, verify=False,                     debug=0 </msg>
<status status="PASS" starttime="20221201 16:10:27.200" endtime="20221201 16:10:27.201"/>
</kw>
<kw name="Create Dictionary" library="BuiltIn">
<var>${headers}</var>
<arg>Content-Type=application/json</arg>
<doc>Creates and returns a dictionary based on the given ``items``.</doc>
<msg timestamp="20221201 16:10:27.201" level="INFO">${headers} = {'Content-Type': 'application/json'}</msg>
<status status="PASS" starttime="20221201 16:10:27.201" endtime="20221201 16:10:27.201"/>
</kw>
<kw name="Create Dictionary" library="BuiltIn">
<var>${params}</var>
<arg>name=Arnold Rosenbloom</arg>
<arg>actorId=nm2</arg>
<arg>extra=param</arg>
<doc>Creates and returns a dictionary based on the given ``items``.</doc>
<msg timestamp="20221201 16:10:27.202" level="INFO">${params} = {'name': 'Arnold Rosenbloom', 'actorId': 'nm2', 'extra': 'param'}</msg>
<status status="PASS" starttime="20221201 16:10:27.202" endtime="20221201 16:10:27.202"/>
</kw>
<kw name="PUT On Session" library="RequestsLibrary">
<var>${resp}</var>
<arg>localhost</arg>
<arg>/api/v1/addActor</arg>
<arg>json=${params}</arg>
<arg>headers=${headers}</arg>
<doc>Sends a PUT request on a previously created HTTP Session.</doc>
<msg timestamp="20221201 16:10:27.212" level="WARN">Retrying (RetryAdapter(total=2, connect=None, read=None, redirect=None, status=None)) after connection broken by 'ProtocolError('Connection aborted.', RemoteDisconnected('Remote end closed connection without response'))': /api/v1/addActor</msg>
<msg timestamp="20221201 16:10:27.423" level="WARN">Retrying (RetryAdapter(total=1, connect=None, read=None, redirect=None, status=None)) after connection broken by 'ProtocolError('Connection aborted.', RemoteDisconnected('Remote end closed connection without response'))': /api/v1/addActor</msg>
<msg timestamp="20221201 16:10:27.834" level="WARN">Retrying (RetryAdapter(total=0, connect=None, read=None, redirect=None, status=None)) after connection broken by 'ProtocolError('Connection aborted.', RemoteDisconnected('Remote end closed connection without response'))': /api/v1/addActor</msg>
<msg timestamp="20221201 16:10:27.841" level="FAIL">ConnectionError: HTTPConnectionPool(host='localhost', port=8080): Max retries exceeded with url: /api/v1/addActor (Caused by ProtocolError('Connection aborted.', RemoteDisconnected('Remote end closed connection without response')))</msg>
<status status="FAIL" starttime="20221201 16:10:27.203" endtime="20221201 16:10:27.842"/>
</kw>
<kw name="Should Be Equal As Strings" library="BuiltIn">
<arg>${resp.status_code}</arg>
<arg>200</arg>
<doc>Fails if objects are unequal after converting them to strings.</doc>
<status status="NOT RUN" starttime="20221201 16:10:27.842" endtime="20221201 16:10:27.842"/>
</kw>
<timeout value="30 seconds"/>
<status status="FAIL" starttime="20221201 16:10:27.199" endtime="20221201 16:10:27.843">ConnectionError: HTTPConnectionPool(host='localhost', port=8080): Max retries exceeded with url: /api/v1/addActor (Caused by ProtocolError('Connection aborted.', RemoteDisconnected('Remote end closed connection without response')))</status>
</test>
<test id="s1-t3" name="TestAddKevinBacon200" line="21">
<kw name="Create Session" library="RequestsLibrary">
<arg>localhost</arg>
<arg>http://localhost:8080</arg>
<doc>Create Session: create a HTTP session to a server</doc>
<msg timestamp="20221201 16:10:27.845" level="INFO">Creating Session using : alias=localhost, url=http://localhost:8080, headers={},                     cookies={}, auth=None, timeout=None, proxies=None, verify=False,                     debug=0 </msg>
<status status="PASS" starttime="20221201 16:10:27.844" endtime="20221201 16:10:27.845"/>
</kw>
<kw name="Create Dictionary" library="BuiltIn">
<var>${headers}</var>
<arg>Content-Type=application/json</arg>
<doc>Creates and returns a dictionary based on the given ``items``.</doc>
<msg timestamp="20221201 16:10:27.846" level="INFO">${headers} = {'Content-Type': 'application/json'}</msg>
<status status="PASS" starttime="20221201 16:10:27.845" endtime="20221201 16:10:27.847"/>
</kw>
<kw name="Create Dictionary" library="BuiltIn">
<var>${params}</var>
<arg>name=Kevin Bacon</arg>
<arg>actorId=nm0000102</arg>
<doc>Creates and returns a dictionary based on the given ``items``.</doc>
<msg timestamp="20221201 16:10:27.847" level="INFO">${params} = {'name': 'Kevin Bacon', 'actorId': 'nm0000102'}</msg>
<status status="PASS" starttime="20221201 16:10:27.847" endtime="20221201 16:10:27.847"/>
</kw>
<kw name="PUT On Session" library="RequestsLibrary">
<var>${resp}</var>
<arg>localhost</arg>
<arg>/api/v1/addActor</arg>
<arg>json=${params}</arg>
<arg>headers=${headers}</arg>
<doc>Sends a PUT request on a previously created HTTP Session.</doc>
<msg timestamp="20221201 16:10:27.856" level="WARN">Retrying (RetryAdapter(total=2, connect=None, read=None, redirect=None, status=None)) after connection broken by 'ProtocolError('Connection aborted.', RemoteDisconnected('Remote end closed connection without response'))': /api/v1/addActor</msg>
<msg timestamp="20221201 16:10:28.065" level="WARN">Retrying (RetryAdapter(total=1, connect=None, read=None, redirect=None, status=None)) after connection broken by 'ProtocolError('Connection aborted.', RemoteDisconnected('Remote end closed connection without response'))': /api/v1/addActor</msg>
<msg timestamp="20221201 16:10:28.478" level="WARN">Retrying (RetryAdapter(total=0, connect=None, read=None, redirect=None, status=None)) after connection broken by 'ProtocolError('Connection aborted.', RemoteDisconnected('Remote end closed connection without response'))': /api/v1/addActor</msg>
<msg timestamp="20221201 16:10:28.486" level="FAIL">ConnectionError: HTTPConnectionPool(host='localhost', port=8080): Max retries exceeded with url: /api/v1/addActor (Caused by ProtocolError('Connection aborted.', RemoteDisconnected('Remote end closed connection without response')))</msg>
<status status="FAIL" starttime="20221201 16:10:27.848" endtime="20221201 16:10:28.486"/>
</kw>
<kw name="Should Be Equal As Strings" library="BuiltIn">
<arg>${resp.status_code}</arg>
<arg>200</arg>
<doc>Fails if objects are unequal after converting them to strings.</doc>
<status status="NOT RUN" starttime="20221201 16:10:28.487" endtime="20221201 16:10:28.487"/>
</kw>
<timeout value="30 seconds"/>
<status status="FAIL" starttime="20221201 16:10:27.843" endtime="20221201 16:10:28.487">ConnectionError: HTTPConnectionPool(host='localhost', port=8080): Max retries exceeded with url: /api/v1/addActor (Caused by ProtocolError('Connection aborted.', RemoteDisconnected('Remote end closed connection without response')))</status>
</test>
<test id="s1-t4" name="Test3AddActor200" line="28">
<kw name="Create Session" library="RequestsLibrary">
<arg>localhost</arg>
<arg>http://localhost:8080</arg>
<doc>Create Session: create a HTTP session to a server</doc>
<msg timestamp="20221201 16:10:28.488" level="INFO">Creating Session using : alias=localhost, url=http://localhost:8080, headers={},                     cookies={}, auth=None, timeout=None, proxies=None, verify=False,                     debug=0 </msg>
<status status="PASS" starttime="20221201 16:10:28.488" endtime="20221201 16:10:28.489"/>
</kw>
<kw name="Create Dictionary" library="BuiltIn">
<var>${headers}</var>
<arg>Content-Type=application/json</arg>
<doc>Creates and returns a dictionary based on the given ``items``.</doc>
<msg timestamp="20221201 16:10:28.489" level="INFO">${headers} = {'Content-Type': 'application/json'}</msg>
<status status="PASS" starttime="20221201 16:10:28.489" endtime="20221201 16:10:28.489"/>
</kw>
<kw name="Create Dictionary" library="BuiltIn">
<var>${params}</var>
<arg>name=Ilir Dema</arg>
<arg>actorId=nm3</arg>
<doc>Creates and returns a dictionary based on the given ``items``.</doc>
<msg timestamp="20221201 16:10:28.490" level="INFO">${params} = {'name': 'Ilir Dema', 'actorId': 'nm3'}</msg>
<status status="PASS" starttime="20221201 16:10:28.490" endtime="20221201 16:10:28.490"/>
</kw>
<kw name="PUT On Session" library="RequestsLibrary">
<var>${resp}</var>
<arg>localhost</arg>
<arg>/api/v1/addActor</arg>
<arg>json=${params}</arg>
<arg>headers=${headers}</arg>
<doc>Sends a PUT request on a previously created HTTP Session.</doc>
<msg timestamp="20221201 16:10:28.498" level="WARN">Retrying (RetryAdapter(total=2, connect=None, read=None, redirect=None, status=None)) after connection broken by 'ProtocolError('Connection aborted.', RemoteDisconnected('Remote end closed connection without response'))': /api/v1/addActor</msg>
<msg timestamp="20221201 16:10:28.709" level="WARN">Retrying (RetryAdapter(total=1, connect=None, read=None, redirect=None, status=None)) after connection broken by 'ProtocolError('Connection aborted.', RemoteDisconnected('Remote end closed connection without response'))': /api/v1/addActor</msg>
<msg timestamp="20221201 16:10:29.115" level="WARN">Retrying (RetryAdapter(total=0, connect=None, read=None, redirect=None, status=None)) after connection broken by 'ProtocolError('Connection aborted.', RemoteDisconnected('Remote end closed connection without response'))': /api/v1/addActor</msg>
<msg timestamp="20221201 16:10:29.123" level="FAIL">ConnectionError: HTTPConnectionPool(host='localhost', port=8080): Max retries exceeded with url: /api/v1/addActor (Caused by ProtocolError('Connection aborted.', RemoteDisconnected('Remote end closed connection without response')))</msg>
<status status="FAIL" starttime="20221201 16:10:28.490" endtime="20221201 16:10:29.123"/>
</kw>
<kw name="Should Be Equal As Strings" library="BuiltIn">
<arg>${resp.status_code}</arg>
<arg>200</arg>
<doc>Fails if objects are unequal after converting them to strings.</doc>
<status status="NOT RUN" starttime="20221201 16:10:29.124" endtime="20221201 16:10:29.124"/>
</kw>
<timeout value="30 seconds"/>
<status status="FAIL" starttime="20221201 16:10:28.487" endtime="20221201 16:10:29.124">ConnectionError: HTTPConnectionPool(host='localhost', port=8080): Max retries exceeded with url: /api/v1/addActor (Caused by ProtocolError('Connection aborted.', RemoteDisconnected('Remote end closed connection without response')))</status>
</test>
<test id="s1-t5" name="TestAddActorKeepExistingNode400" line="35">
<kw name="Create Session" library="RequestsLibrary">
<arg>localhost</arg>
<arg>http://localhost:8080</arg>
<doc>Create Session: create a HTTP session to a server</doc>
<msg timestamp="20221201 16:10:29.126" level="INFO">Creating Session using : alias=localhost, url=http://localhost:8080, headers={},                     cookies={}, auth=None, timeout=None, proxies=None, verify=False,                     debug=0 </msg>
<status status="PASS" starttime="20221201 16:10:29.125" endtime="20221201 16:10:29.126"/>
</kw>
<kw name="Create Dictionary" library="BuiltIn">
<var>${headers}</var>
<arg>Content-Type=application/json</arg>
<doc>Creates and returns a dictionary based on the given ``items``.</doc>
<msg timestamp="20221201 16:10:29.127" level="INFO">${headers} = {'Content-Type': 'application/json'}</msg>
<status status="PASS" starttime="20221201 16:10:29.126" endtime="20221201 16:10:29.127"/>
</kw>
<kw name="Create Dictionary" library="BuiltIn">
<var>${params}</var>
<arg>name=Shabaz Badshah</arg>
<arg>actorId=nm2</arg>
<doc>Creates and returns a dictionary based on the given ``items``.</doc>
<msg timestamp="20221201 16:10:29.127" level="INFO">${params} = {'name': 'Shabaz Badshah', 'actorId': 'nm2'}</msg>
<status status="PASS" starttime="20221201 16:10:29.127" endtime="20221201 16:10:29.127"/>
</kw>
<kw name="PUT On Session" library="RequestsLibrary">
<var>${resp}</var>
<arg>localhost</arg>
<arg>/api/v1/addActor</arg>
<arg>json=${params}</arg>
<arg>headers=${headers}</arg>
<arg>expected_status=400</arg>
<doc>Sends a PUT request on a previously created HTTP Session.</doc>
<msg timestamp="20221201 16:10:29.135" level="WARN">Retrying (RetryAdapter(total=2, connect=None, read=None, redirect=None, status=None)) after connection broken by 'ProtocolError('Connection aborted.', RemoteDisconnected('Remote end closed connection without response'))': /api/v1/addActor</msg>
<msg timestamp="20221201 16:10:29.342" level="WARN">Retrying (RetryAdapter(total=1, connect=None, read=None, redirect=None, status=None)) after connection broken by 'ProtocolError('Connection aborted.', RemoteDisconnected('Remote end closed connection without response'))': /api/v1/addActor</msg>
<msg timestamp="20221201 16:10:29.756" level="WARN">Retrying (RetryAdapter(total=0, connect=None, read=None, redirect=None, status=None)) after connection broken by 'ProtocolError('Connection aborted.', RemoteDisconnected('Remote end closed connection without response'))': /api/v1/addActor</msg>
<msg timestamp="20221201 16:10:29.763" level="FAIL">ConnectionError: HTTPConnectionPool(host='localhost', port=8080): Max retries exceeded with url: /api/v1/addActor (Caused by ProtocolError('Connection aborted.', RemoteDisconnected('Remote end closed connection without response')))</msg>
<status status="FAIL" starttime="20221201 16:10:29.127" endtime="20221201 16:10:29.764"/>
</kw>
<kw name="Should Be Equal As Strings" library="BuiltIn">
<arg>${resp.status_code}</arg>
<arg>400</arg>
<doc>Fails if objects are unequal after converting them to strings.</doc>
<status status="NOT RUN" starttime="20221201 16:10:29.764" endtime="20221201 16:10:29.764"/>
</kw>
<timeout value="30 seconds"/>
<status status="FAIL" starttime="20221201 16:10:29.125" endtime="20221201 16:10:29.764">ConnectionError: HTTPConnectionPool(host='localhost', port=8080): Max retries exceeded with url: /api/v1/addActor (Caused by ProtocolError('Connection aborted.', RemoteDisconnected('Remote end closed connection without response')))</status>
</test>
<test id="s1-t6" name="TestAddActorBadBodyParam400" line="42">
<kw name="Create Session" library="RequestsLibrary">
<arg>localhost</arg>
<arg>http://localhost:8080</arg>
<doc>Create Session: create a HTTP session to a server</doc>
<msg timestamp="20221201 16:10:29.766" level="INFO">Creating Session using : alias=localhost, url=http://localhost:8080, headers={},                     cookies={}, auth=None, timeout=None, proxies=None, verify=False,                     debug=0 </msg>
<status status="PASS" starttime="20221201 16:10:29.765" endtime="20221201 16:10:29.766"/>
</kw>
<kw name="Create Dictionary" library="BuiltIn">
<var>${headers}</var>
<arg>Content-Type=application/json</arg>
<doc>Creates and returns a dictionary based on the given ``items``.</doc>
<msg timestamp="20221201 16:10:29.767" level="INFO">${headers} = {'Content-Type': 'application/json'}</msg>
<status status="PASS" starttime="20221201 16:10:29.766" endtime="20221201 16:10:29.767"/>
</kw>
<kw name="Create Dictionary" library="BuiltIn">
<var>${params}</var>
<arg>name=Emma Stone</arg>
<doc>Creates and returns a dictionary based on the given ``items``.</doc>
<msg timestamp="20221201 16:10:29.768" level="INFO">${params} = {'name': 'Emma Stone'}</msg>
<status status="PASS" starttime="20221201 16:10:29.767" endtime="20221201 16:10:29.768"/>
</kw>
<kw name="PUT On Session" library="RequestsLibrary">
<var>${resp}</var>
<arg>localhost</arg>
<arg>/api/v1/addActor</arg>
<arg>json=${params}</arg>
<arg>headers=${headers}</arg>
<arg>expected_status=400</arg>
<doc>Sends a PUT request on a previously created HTTP Session.</doc>
<msg timestamp="20221201 16:10:29.776" level="WARN">Retrying (RetryAdapter(total=2, connect=None, read=None, redirect=None, status=None)) after connection broken by 'ProtocolError('Connection aborted.', RemoteDisconnected('Remote end closed connection without response'))': /api/v1/addActor</msg>
<msg timestamp="20221201 16:10:29.983" level="WARN">Retrying (RetryAdapter(total=1, connect=None, read=None, redirect=None, status=None)) after connection broken by 'ProtocolError('Connection aborted.', RemoteDisconnected('Remote end closed connection without response'))': /api/v1/addActor</msg>
<msg timestamp="20221201 16:10:30.393" level="WARN">Retrying (RetryAdapter(total=0, connect=None, read=None, redirect=None, status=None)) after connection broken by 'ProtocolError('Connection aborted.', RemoteDisconnected('Remote end closed connection without response'))': /api/v1/addActor</msg>
<msg timestamp="20221201 16:10:30.404" level="FAIL">ConnectionError: HTTPConnectionPool(host='localhost', port=8080): Max retries exceeded with url: /api/v1/addActor (Caused by ProtocolError('Connection aborted.', RemoteDisconnected('Remote end closed connection without response')))</msg>
<status status="FAIL" starttime="20221201 16:10:29.768" endtime="20221201 16:10:30.405"/>
</kw>
<kw name="Should Be Equal As Strings" library="BuiltIn">
<arg>${resp.status_code}</arg>
<arg>400</arg>
<doc>Fails if objects are unequal after converting them to strings.</doc>
<status status="NOT RUN" starttime="20221201 16:10:30.405" endtime="20221201 16:10:30.405"/>
</kw>
<timeout value="30 seconds"/>
<status status="FAIL" starttime="20221201 16:10:29.765" endtime="20221201 16:10:30.406">ConnectionError: HTTPConnectionPool(host='localhost', port=8080): Max retries exceeded with url: /api/v1/addActor (Caused by ProtocolError('Connection aborted.', RemoteDisconnected('Remote end closed connection without response')))</status>
</test>
<test id="s1-t7" name="TestAddMovie200" line="49">
<kw name="Create Session" library="RequestsLibrary">
<arg>localhost</arg>
<arg>http://localhost:8080</arg>
<doc>Create Session: create a HTTP session to a server</doc>
<msg timestamp="20221201 16:10:30.408" level="INFO">Creating Session using : alias=localhost, url=http://localhost:8080, headers={},                     cookies={}, auth=None, timeout=None, proxies=None, verify=False,                     debug=0 </msg>
<status status="PASS" starttime="20221201 16:10:30.407" endtime="20221201 16:10:30.408"/>
</kw>
<kw name="Create Dictionary" library="BuiltIn">
<var>${headers}</var>
<arg>Content-Type=application/json</arg>
<doc>Creates and returns a dictionary based on the given ``items``.</doc>
<msg timestamp="20221201 16:10:30.409" level="INFO">${headers} = {'Content-Type': 'application/json'}</msg>
<status status="PASS" starttime="20221201 16:10:30.409" endtime="20221201 16:10:30.409"/>
</kw>
<kw name="Create Dictionary" library="BuiltIn">
<var>${params}</var>
<arg>name=Up</arg>
<arg>movieId=tt1</arg>
<doc>Creates and returns a dictionary based on the given ``items``.</doc>
<msg timestamp="20221201 16:10:30.410" level="INFO">${params} = {'name': 'Up', 'movieId': 'tt1'}</msg>
<status status="PASS" starttime="20221201 16:10:30.410" endtime="20221201 16:10:30.410"/>
</kw>
<kw name="PUT On Session" library="RequestsLibrary">
<var>${resp}</var>
<arg>localhost</arg>
<arg>/api/v1/addMovie</arg>
<arg>json=${params}</arg>
<arg>headers=${headers}</arg>
<doc>Sends a PUT request on a previously created HTTP Session.</doc>
<msg timestamp="20221201 16:10:30.418" level="WARN">Retrying (RetryAdapter(total=2, connect=None, read=None, redirect=None, status=None)) after connection broken by 'ProtocolError('Connection aborted.', RemoteDisconnected('Remote end closed connection without response'))': /api/v1/addMovie</msg>
<msg timestamp="20221201 16:10:30.627" level="WARN">Retrying (RetryAdapter(total=1, connect=None, read=None, redirect=None, status=None)) after connection broken by 'ProtocolError('Connection aborted.', RemoteDisconnected('Remote end closed connection without response'))': /api/v1/addMovie</msg>
<msg timestamp="20221201 16:10:31.039" level="WARN">Retrying (RetryAdapter(total=0, connect=None, read=None, redirect=None, status=None)) after connection broken by 'ProtocolError('Connection aborted.', RemoteDisconnected('Remote end closed connection without response'))': /api/v1/addMovie</msg>
<msg timestamp="20221201 16:10:31.045" level="FAIL">ConnectionError: HTTPConnectionPool(host='localhost', port=8080): Max retries exceeded with url: /api/v1/addMovie (Caused by ProtocolError('Connection aborted.', RemoteDisconnected('Remote end closed connection without response')))</msg>
<status status="FAIL" starttime="20221201 16:10:30.410" endtime="20221201 16:10:31.046"/>
</kw>
<kw name="Should Be Equal As Strings" library="BuiltIn">
<arg>${resp.status_code}</arg>
<arg>200</arg>
<doc>Fails if objects are unequal after converting them to strings.</doc>
<status status="NOT RUN" starttime="20221201 16:10:31.047" endtime="20221201 16:10:31.047"/>
</kw>
<timeout value="30 seconds"/>
<status status="FAIL" starttime="20221201 16:10:30.407" endtime="20221201 16:10:31.047">ConnectionError: HTTPConnectionPool(host='localhost', port=8080): Max retries exceeded with url: /api/v1/addMovie (Caused by ProtocolError('Connection aborted.', RemoteDisconnected('Remote end closed connection without response')))</status>
</test>
<test id="s1-t8" name="Test2AddMovieIgnoreExtraParam200" line="56">
<kw name="Create Session" library="RequestsLibrary">
<arg>localhost</arg>
<arg>http://localhost:8080</arg>
<doc>Create Session: create a HTTP session to a server</doc>
<msg timestamp="20221201 16:10:31.050" level="INFO">Creating Session using : alias=localhost, url=http://localhost:8080, headers={},                     cookies={}, auth=None, timeout=None, proxies=None, verify=False,                     debug=0 </msg>
<status status="PASS" starttime="20221201 16:10:31.049" endtime="20221201 16:10:31.050"/>
</kw>
<kw name="Create Dictionary" library="BuiltIn">
<var>${headers}</var>
<arg>Content-Type=application/json</arg>
<doc>Creates and returns a dictionary based on the given ``items``.</doc>
<msg timestamp="20221201 16:10:31.052" level="INFO">${headers} = {'Content-Type': 'application/json'}</msg>
<status status="PASS" starttime="20221201 16:10:31.051" endtime="20221201 16:10:31.052"/>
</kw>
<kw name="Create Dictionary" library="BuiltIn">
<var>${params}</var>
<arg>name=Harry Potter</arg>
<arg>movieId=tt2</arg>
<arg>extra=param</arg>
<doc>Creates and returns a dictionary based on the given ``items``.</doc>
<msg timestamp="20221201 16:10:31.052" level="INFO">${params} = {'name': 'Harry Potter', 'movieId': 'tt2', 'extra': 'param'}</msg>
<status status="PASS" starttime="20221201 16:10:31.052" endtime="20221201 16:10:31.052"/>
</kw>
<kw name="PUT On Session" library="RequestsLibrary">
<var>${resp}</var>
<arg>localhost</arg>
<arg>/api/v1/addMovie</arg>
<arg>json=${params}</arg>
<arg>headers=${headers}</arg>
<doc>Sends a PUT request on a previously created HTTP Session.</doc>
<msg timestamp="20221201 16:10:31.062" level="WARN">Retrying (RetryAdapter(total=2, connect=None, read=None, redirect=None, status=None)) after connection broken by 'ProtocolError('Connection aborted.', RemoteDisconnected('Remote end closed connection without response'))': /api/v1/addMovie</msg>
<msg timestamp="20221201 16:10:31.272" level="WARN">Retrying (RetryAdapter(total=1, connect=None, read=None, redirect=None, status=None)) after connection broken by 'ProtocolError('Connection aborted.', RemoteDisconnected('Remote end closed connection without response'))': /api/v1/addMovie</msg>
<msg timestamp="20221201 16:10:31.683" level="WARN">Retrying (RetryAdapter(total=0, connect=None, read=None, redirect=None, status=None)) after connection broken by 'ProtocolError('Connection aborted.', RemoteDisconnected('Remote end closed connection without response'))': /api/v1/addMovie</msg>
<msg timestamp="20221201 16:10:31.690" level="FAIL">ConnectionError: HTTPConnectionPool(host='localhost', port=8080): Max retries exceeded with url: /api/v1/addMovie (Caused by ProtocolError('Connection aborted.', RemoteDisconnected('Remote end closed connection without response')))</msg>
<status status="FAIL" starttime="20221201 16:10:31.053" endtime="20221201 16:10:31.691"/>
</kw>
<kw name="Should Be Equal As Strings" library="BuiltIn">
<arg>${resp.status_code}</arg>
<arg>200</arg>
<doc>Fails if objects are unequal after converting them to strings.</doc>
<status status="NOT RUN" starttime="20221201 16:10:31.692" endtime="20221201 16:10:31.692"/>
</kw>
<timeout value="30 seconds"/>
<status status="FAIL" starttime="20221201 16:10:31.048" endtime="20221201 16:10:31.692">ConnectionError: HTTPConnectionPool(host='localhost', port=8080): Max retries exceeded with url: /api/v1/addMovie (Caused by ProtocolError('Connection aborted.', RemoteDisconnected('Remote end closed connection without response')))</status>
</test>
<test id="s1-t9" name="Test3AddMovie200" line="63">
<kw name="Create Session" library="RequestsLibrary">
<arg>localhost</arg>
<arg>http://localhost:8080</arg>
<doc>Create Session: create a HTTP session to a server</doc>
<msg timestamp="20221201 16:10:31.695" level="INFO">Creating Session using : alias=localhost, url=http://localhost:8080, headers={},                     cookies={}, auth=None, timeout=None, proxies=None, verify=False,                     debug=0 </msg>
<status status="PASS" starttime="20221201 16:10:31.694" endtime="20221201 16:10:31.696"/>
</kw>
<kw name="Create Dictionary" library="BuiltIn">
<var>${headers}</var>
<arg>Content-Type=application/json</arg>
<doc>Creates and returns a dictionary based on the given ``items``.</doc>
<msg timestamp="20221201 16:10:31.696" level="INFO">${headers} = {'Content-Type': 'application/json'}</msg>
<status status="PASS" starttime="20221201 16:10:31.696" endtime="20221201 16:10:31.696"/>
</kw>
<kw name="Create Dictionary" library="BuiltIn">
<var>${params}</var>
<arg>name=Patriots Day</arg>
<arg>movieId=mv001</arg>
<doc>Creates and returns a dictionary based on the given ``items``.</doc>
<msg timestamp="20221201 16:10:31.697" level="INFO">${params} = {'name': 'Patriots Day', 'movieId': 'mv001'}</msg>
<status status="PASS" starttime="20221201 16:10:31.697" endtime="20221201 16:10:31.697"/>
</kw>
<kw name="PUT On Session" library="RequestsLibrary">
<var>${resp}</var>
<arg>localhost</arg>
<arg>/api/v1/addMovie</arg>
<arg>json=${params}</arg>
<arg>headers=${headers}</arg>
<doc>Sends a PUT request on a previously created HTTP Session.</doc>
<msg timestamp="20221201 16:10:31.707" level="WARN">Retrying (RetryAdapter(total=2, connect=None, read=None, redirect=None, status=None)) after connection broken by 'ProtocolError('Connection aborted.', RemoteDisconnected('Remote end closed connection without response'))': /api/v1/addMovie</msg>
<msg timestamp="20221201 16:10:31.915" level="WARN">Retrying (RetryAdapter(total=1, connect=None, read=None, redirect=None, status=None)) after connection broken by 'ProtocolError('Connection aborted.', RemoteDisconnected('Remote end closed connection without response'))': /api/v1/addMovie</msg>
<msg timestamp="20221201 16:10:32.323" level="WARN">Retrying (RetryAdapter(total=0, connect=None, read=None, redirect=None, status=None)) after connection broken by 'ProtocolError('Connection aborted.', RemoteDisconnected('Remote end closed connection without response'))': /api/v1/addMovie</msg>
<msg timestamp="20221201 16:10:32.331" level="FAIL">ConnectionError: HTTPConnectionPool(host='localhost', port=8080): Max retries exceeded with url: /api/v1/addMovie (Caused by ProtocolError('Connection aborted.', RemoteDisconnected('Remote end closed connection without response')))</msg>
<status status="FAIL" starttime="20221201 16:10:31.698" endtime="20221201 16:10:32.332"/>
</kw>
<kw name="Should Be Equal As Strings" library="BuiltIn">
<arg>${resp.status_code}</arg>
<arg>200</arg>
<doc>Fails if objects are unequal after converting them to strings.</doc>
<status status="NOT RUN" starttime="20221201 16:10:32.332" endtime="20221201 16:10:32.333"/>
</kw>
<timeout value="30 seconds"/>
<status status="FAIL" starttime="20221201 16:10:31.693" endtime="20221201 16:10:32.333">ConnectionError: HTTPConnectionPool(host='localhost', port=8080): Max retries exceeded with url: /api/v1/addMovie (Caused by ProtocolError('Connection aborted.', RemoteDisconnected('Remote end closed connection without response')))</status>
</test>
<test id="s1-t10" name="Test4AddMovie200" line="70">
<kw name="Create Session" library="RequestsLibrary">
<arg>localhost</arg>
<arg>http://localhost:8080</arg>
<doc>Create Session: create a HTTP session to a server</doc>
<msg timestamp="20221201 16:10:32.335" level="INFO">Creating Session using : alias=localhost, url=http://localhost:8080, headers={},                     cookies={}, auth=None, timeout=None, proxies=None, verify=False,                     debug=0 </msg>
<status status="PASS" starttime="20221201 16:10:32.335" endtime="20221201 16:10:32.336"/>
</kw>
<kw name="Create Dictionary" library="BuiltIn">
<var>${headers}</var>
<arg>Content-Type=application/json</arg>
<doc>Creates and returns a dictionary based on the given ``items``.</doc>
<msg timestamp="20221201 16:10:32.337" level="INFO">${headers} = {'Content-Type': 'application/json'}</msg>
<status status="PASS" starttime="20221201 16:10:32.336" endtime="20221201 16:10:32.337"/>
</kw>
<kw name="Create Dictionary" library="BuiltIn">
<var>${params}</var>
<arg>name=LOTR</arg>
<arg>movieId=mv002</arg>
<doc>Creates and returns a dictionary based on the given ``items``.</doc>
<msg timestamp="20221201 16:10:32.338" level="INFO">${params} = {'name': 'LOTR', 'movieId': 'mv002'}</msg>
<status status="PASS" starttime="20221201 16:10:32.337" endtime="20221201 16:10:32.338"/>
</kw>
<kw name="PUT On Session" library="RequestsLibrary">
<var>${resp}</var>
<arg>localhost</arg>
<arg>/api/v1/addMovie</arg>
<arg>json=${params}</arg>
<arg>headers=${headers}</arg>
<doc>Sends a PUT request on a previously created HTTP Session.</doc>
<msg timestamp="20221201 16:10:32.346" level="WARN">Retrying (RetryAdapter(total=2, connect=None, read=None, redirect=None, status=None)) after connection broken by 'ProtocolError('Connection aborted.', RemoteDisconnected('Remote end closed connection without response'))': /api/v1/addMovie</msg>
<msg timestamp="20221201 16:10:32.556" level="WARN">Retrying (RetryAdapter(total=1, connect=None, read=None, redirect=None, status=None)) after connection broken by 'ProtocolError('Connection aborted.', RemoteDisconnected('Remote end closed connection without response'))': /api/v1/addMovie</msg>
<msg timestamp="20221201 16:10:32.966" level="WARN">Retrying (RetryAdapter(total=0, connect=None, read=None, redirect=None, status=None)) after connection broken by 'ProtocolError('Connection aborted.', RemoteDisconnected('Remote end closed connection without response'))': /api/v1/addMovie</msg>
<msg timestamp="20221201 16:10:32.969" level="FAIL">ConnectionError: HTTPConnectionPool(host='localhost', port=8080): Max retries exceeded with url: /api/v1/addMovie (Caused by ProtocolError('Connection aborted.', RemoteDisconnected('Remote end closed connection without response')))</msg>
<status status="FAIL" starttime="20221201 16:10:32.338" endtime="20221201 16:10:32.969"/>
</kw>
<kw name="Should Be Equal As Strings" library="BuiltIn">
<arg>${resp.status_code}</arg>
<arg>200</arg>
<doc>Fails if objects are unequal after converting them to strings.</doc>
<status status="NOT RUN" starttime="20221201 16:10:32.969" endtime="20221201 16:10:32.969"/>
</kw>
<timeout value="30 seconds"/>
<status status="FAIL" starttime="20221201 16:10:32.334" endtime="20221201 16:10:32.969">ConnectionError: HTTPConnectionPool(host='localhost', port=8080): Max retries exceeded with url: /api/v1/addMovie (Caused by ProtocolError('Connection aborted.', RemoteDisconnected('Remote end closed connection without response')))</status>
</test>
<test id="s1-t11" name="Test5AddMovie200" line="77">
<kw name="Create Session" library="RequestsLibrary">
<arg>localhost</arg>
<arg>http://localhost:8080</arg>
<doc>Create Session: create a HTTP session to a server</doc>
<msg timestamp="20221201 16:10:32.970" level="INFO">Creating Session using : alias=localhost, url=http://localhost:8080, headers={},                     cookies={}, auth=None, timeout=None, proxies=None, verify=False,                     debug=0 </msg>
<status status="PASS" starttime="20221201 16:10:32.970" endtime="20221201 16:10:32.971"/>
</kw>
<kw name="Create Dictionary" library="BuiltIn">
<var>${headers}</var>
<arg>Content-Type=application/json</arg>
<doc>Creates and returns a dictionary based on the given ``items``.</doc>
<msg timestamp="20221201 16:10:32.971" level="INFO">${headers} = {'Content-Type': 'application/json'}</msg>
<status status="PASS" starttime="20221201 16:10:32.971" endtime="20221201 16:10:32.971"/>
</kw>
<kw name="Create Dictionary" library="BuiltIn">
<var>${params}</var>
<arg>name=RV</arg>
<arg>movieId=mv003</arg>
<doc>Creates and returns a dictionary based on the given ``items``.</doc>
<msg timestamp="20221201 16:10:32.972" level="INFO">${params} = {'name': 'RV', 'movieId': 'mv003'}</msg>
<status status="PASS" starttime="20221201 16:10:32.971" endtime="20221201 16:10:32.972"/>
</kw>
<kw name="PUT On Session" library="RequestsLibrary">
<var>${resp}</var>
<arg>localhost</arg>
<arg>/api/v1/addMovie</arg>
<arg>json=${params}</arg>
<arg>headers=${headers}</arg>
<doc>Sends a PUT request on a previously created HTTP Session.</doc>
<msg timestamp="20221201 16:10:32.976" level="WARN">Retrying (RetryAdapter(total=2, connect=None, read=None, redirect=None, status=None)) after connection broken by 'ProtocolError('Connection aborted.', RemoteDisconnected('Remote end closed connection without response'))': /api/v1/addMovie</msg>
<msg timestamp="20221201 16:10:33.182" level="WARN">Retrying (RetryAdapter(total=1, connect=None, read=None, redirect=None, status=None)) after connection broken by 'ProtocolError('Connection aborted.', RemoteDisconnected('Remote end closed connection without response'))': /api/v1/addMovie</msg>
<msg timestamp="20221201 16:10:33.591" level="WARN">Retrying (RetryAdapter(total=0, connect=None, read=None, redirect=None, status=None)) after connection broken by 'ProtocolError('Connection aborted.', RemoteDisconnected('Remote end closed connection without response'))': /api/v1/addMovie</msg>
<msg timestamp="20221201 16:10:33.596" level="FAIL">ConnectionError: HTTPConnectionPool(host='localhost', port=8080): Max retries exceeded with url: /api/v1/addMovie (Caused by ProtocolError('Connection aborted.', RemoteDisconnected('Remote end closed connection without response')))</msg>
<status status="FAIL" starttime="20221201 16:10:32.972" endtime="20221201 16:10:33.597"/>
</kw>
<kw name="Should Be Equal As Strings" library="BuiltIn">
<arg>${resp.status_code}</arg>
<arg>200</arg>
<doc>Fails if objects are unequal after converting them to strings.</doc>
<status status="NOT RUN" starttime="20221201 16:10:33.597" endtime="20221201 16:10:33.597"/>
</kw>
<timeout value="30 seconds"/>
<status status="FAIL" starttime="20221201 16:10:32.970" endtime="20221201 16:10:33.597">ConnectionError: HTTPConnectionPool(host='localhost', port=8080): Max retries exceeded with url: /api/v1/addMovie (Caused by ProtocolError('Connection aborted.', RemoteDisconnected('Remote end closed connection without response')))</status>
</test>
<test id="s1-t12" name="TestAddMovieKeepExistingNode400" line="84">
<kw name="Create Session" library="RequestsLibrary">
<arg>localhost</arg>
<arg>http://localhost:8080</arg>
<doc>Create Session: create a HTTP session to a server</doc>
<msg timestamp="20221201 16:10:33.599" level="INFO">Creating Session using : alias=localhost, url=http://localhost:8080, headers={},                     cookies={}, auth=None, timeout=None, proxies=None, verify=False,                     debug=0 </msg>
<status status="PASS" starttime="20221201 16:10:33.598" endtime="20221201 16:10:33.599"/>
</kw>
<kw name="Create Dictionary" library="BuiltIn">
<var>${headers}</var>
<arg>Content-Type=application/json</arg>
<doc>Creates and returns a dictionary based on the given ``items``.</doc>
<msg timestamp="20221201 16:10:33.599" level="INFO">${headers} = {'Content-Type': 'application/json'}</msg>
<status status="PASS" starttime="20221201 16:10:33.599" endtime="20221201 16:10:33.599"/>
</kw>
<kw name="Create Dictionary" library="BuiltIn">
<var>${params}</var>
<arg>name=Cinderalla</arg>
<arg>movieId=tt2</arg>
<doc>Creates and returns a dictionary based on the given ``items``.</doc>
<msg timestamp="20221201 16:10:33.600" level="INFO">${params} = {'name': 'Cinderalla', 'movieId': 'tt2'}</msg>
<status status="PASS" starttime="20221201 16:10:33.600" endtime="20221201 16:10:33.600"/>
</kw>
<kw name="PUT On Session" library="RequestsLibrary">
<var>${resp}</var>
<arg>localhost</arg>
<arg>/api/v1/addMovie</arg>
<arg>json=${params}</arg>
<arg>headers=${headers}</arg>
<arg>expected_status=400</arg>
<doc>Sends a PUT request on a previously created HTTP Session.</doc>
<msg timestamp="20221201 16:10:33.693" level="WARN">Retrying (RetryAdapter(total=2, connect=None, read=None, redirect=None, status=None)) after connection broken by 'ProtocolError('Connection aborted.', RemoteDisconnected('Remote end closed connection without response'))': /api/v1/addMovie</msg>
<msg timestamp="20221201 16:10:33.905" level="WARN">Retrying (RetryAdapter(total=1, connect=None, read=None, redirect=None, status=None)) after connection broken by 'ProtocolError('Connection aborted.', RemoteDisconnected('Remote end closed connection without response'))': /api/v1/addMovie</msg>
<msg timestamp="20221201 16:10:34.318" level="WARN">Retrying (RetryAdapter(total=0, connect=None, read=None, redirect=None, status=None)) after connection broken by 'ProtocolError('Connection aborted.', RemoteDisconnected('Remote end closed connection without response'))': /api/v1/addMovie</msg>
<msg timestamp="20221201 16:10:34.338" level="FAIL">ConnectionError: HTTPConnectionPool(host='localhost', port=8080): Max retries exceeded with url: /api/v1/addMovie (Caused by ProtocolError('Connection aborted.', RemoteDisconnected('Remote end closed connection without response')))</msg>
<status status="FAIL" starttime="20221201 16:10:33.600" endtime="20221201 16:10:34.338"/>
</kw>
<kw name="Should Be Equal As Strings" library="BuiltIn">
<arg>${resp.status_code}</arg>
<arg>400</arg>
<doc>Fails if objects are unequal after converting them to strings.</doc>
<status status="NOT RUN" starttime="20221201 16:10:34.339" endtime="20221201 16:10:34.339"/>
</kw>
<timeout value="30 seconds"/>
<status status="FAIL" starttime="20221201 16:10:33.598" endtime="20221201 16:10:34.339">ConnectionError: HTTPConnectionPool(host='localhost', port=8080): Max retries exceeded with url: /api/v1/addMovie (Caused by ProtocolError('Connection aborted.', RemoteDisconnected('Remote end closed connection without response')))</status>
</test>
<test id="s1-t13" name="TestAddMovieBadBodyParam400" line="91">
<kw name="Create Session" library="RequestsLibrary">
<arg>localhost</arg>
<arg>http://localhost:8080</arg>
<doc>Create Session: create a HTTP session to a server</doc>
<msg timestamp="20221201 16:10:34.341" level="INFO">Creating Session using : alias=localhost, url=http://localhost:8080, headers={},                     cookies={}, auth=None, timeout=None, proxies=None, verify=False,                     debug=0 </msg>
<status status="PASS" starttime="20221201 16:10:34.340" endtime="20221201 16:10:34.341"/>
</kw>
<kw name="Create Dictionary" library="BuiltIn">
<var>${headers}</var>
<arg>Content-Type=application/json</arg>
<doc>Creates and returns a dictionary based on the given ``items``.</doc>
<msg timestamp="20221201 16:10:34.342" level="INFO">${headers} = {'Content-Type': 'application/json'}</msg>
<status status="PASS" starttime="20221201 16:10:34.341" endtime="20221201 16:10:34.342"/>
</kw>
<kw name="Create Dictionary" library="BuiltIn">
<var>${params}</var>
<arg>name=Graduation</arg>
<doc>Creates and returns a dictionary based on the given ``items``.</doc>
<msg timestamp="20221201 16:10:34.343" level="INFO">${params} = {'name': 'Graduation'}</msg>
<status status="PASS" starttime="20221201 16:10:34.343" endtime="20221201 16:10:34.343"/>
</kw>
<kw name="PUT On Session" library="RequestsLibrary">
<var>${resp}</var>
<arg>localhost</arg>
<arg>/api/v1/addMovie</arg>
<arg>json=${params}</arg>
<arg>headers=${headers}</arg>
<arg>expected_status=400</arg>
<doc>Sends a PUT request on a previously created HTTP Session.</doc>
<msg timestamp="20221201 16:10:34.354" level="WARN">Retrying (RetryAdapter(total=2, connect=None, read=None, redirect=None, status=None)) after connection broken by 'ProtocolError('Connection aborted.', RemoteDisconnected('Remote end closed connection without response'))': /api/v1/addMovie</msg>
<msg timestamp="20221201 16:10:34.562" level="WARN">Retrying (RetryAdapter(total=1, connect=None, read=None, redirect=None, status=None)) after connection broken by 'ProtocolError('Connection aborted.', RemoteDisconnected('Remote end closed connection without response'))': /api/v1/addMovie</msg>
<msg timestamp="20221201 16:10:34.971" level="WARN">Retrying (RetryAdapter(total=0, connect=None, read=None, redirect=None, status=None)) after connection broken by 'ProtocolError('Connection aborted.', RemoteDisconnected('Remote end closed connection without response'))': /api/v1/addMovie</msg>
<msg timestamp="20221201 16:10:34.977" level="FAIL">ConnectionError: HTTPConnectionPool(host='localhost', port=8080): Max retries exceeded with url: /api/v1/addMovie (Caused by ProtocolError('Connection aborted.', RemoteDisconnected('Remote end closed connection without response')))</msg>
<status status="FAIL" starttime="20221201 16:10:34.344" endtime="20221201 16:10:34.977"/>
</kw>
<kw name="Should Be Equal As Strings" library="BuiltIn">
<arg>${resp.status_code}</arg>
<arg>400</arg>
<doc>Fails if objects are unequal after converting them to strings.</doc>
<status status="NOT RUN" starttime="20221201 16:10:34.978" endtime="20221201 16:10:34.978"/>
</kw>
<timeout value="30 seconds"/>
<status status="FAIL" starttime="20221201 16:10:34.340" endtime="20221201 16:10:34.978">ConnectionError: HTTPConnectionPool(host='localhost', port=8080): Max retries exceeded with url: /api/v1/addMovie (Caused by ProtocolError('Connection aborted.', RemoteDisconnected('Remote end closed connection without response')))</status>
</test>
<test id="s1-t14" name="TestAddRelation200" line="98">
<kw name="Create Session" library="RequestsLibrary">
<arg>localhost</arg>
<arg>http://localhost:8080</arg>
<doc>Create Session: create a HTTP session to a server</doc>
<msg timestamp="20221201 16:10:34.980" level="INFO">Creating Session using : alias=localhost, url=http://localhost:8080, headers={},                     cookies={}, auth=None, timeout=None, proxies=None, verify=False,                     debug=0 </msg>
<status status="PASS" starttime="20221201 16:10:34.979" endtime="20221201 16:10:34.980"/>
</kw>
<kw name="Create Dictionary" library="BuiltIn">
<var>${headers}</var>
<arg>Content-Type=application/json</arg>
<doc>Creates and returns a dictionary based on the given ``items``.</doc>
<msg timestamp="20221201 16:10:34.981" level="INFO">${headers} = {'Content-Type': 'application/json'}</msg>
<status status="PASS" starttime="20221201 16:10:34.980" endtime="20221201 16:10:34.981"/>
</kw>
<kw name="Create Dictionary" library="BuiltIn">
<var>${params}</var>
<arg>actorId=nm1</arg>
<arg>movieId=tt1</arg>
<doc>Creates and returns a dictionary based on the given ``items``.</doc>
<msg timestamp="20221201 16:10:34.983" level="INFO">${params} = {'actorId': 'nm1', 'movieId': 'tt1'}</msg>
<status status="PASS" starttime="20221201 16:10:34.982" endtime="20221201 16:10:34.983"/>
</kw>
<kw name="PUT On Session" library="RequestsLibrary">
<var>${resp}</var>
<arg>localhost</arg>
<arg>/api/v1/addRelationship</arg>
<arg>json=${params}</arg>
<arg>headers=${headers}</arg>
<doc>Sends a PUT request on a previously created HTTP Session.</doc>
<msg timestamp="20221201 16:10:34.994" level="WARN">Retrying (RetryAdapter(total=2, connect=None, read=None, redirect=None, status=None)) after connection broken by 'ProtocolError('Connection aborted.', RemoteDisconnected('Remote end closed connection without response'))': /api/v1/addRelationship</msg>
<msg timestamp="20221201 16:10:35.207" level="WARN">Retrying (RetryAdapter(total=1, connect=None, read=None, redirect=None, status=None)) after connection broken by 'ProtocolError('Connection aborted.', RemoteDisconnected('Remote end closed connection without response'))': /api/v1/addRelationship</msg>
<msg timestamp="20221201 16:10:35.617" level="WARN">Retrying (RetryAdapter(total=0, connect=None, read=None, redirect=None, status=None)) after connection broken by 'ProtocolError('Connection aborted.', RemoteDisconnected('Remote end closed connection without response'))': /api/v1/addRelationship</msg>
<msg timestamp="20221201 16:10:35.624" level="FAIL">ConnectionError: HTTPConnectionPool(host='localhost', port=8080): Max retries exceeded with url: /api/v1/addRelationship (Caused by ProtocolError('Connection aborted.', RemoteDisconnected('Remote end closed connection without response')))</msg>
<status status="FAIL" starttime="20221201 16:10:34.983" endtime="20221201 16:10:35.625"/>
</kw>
<kw name="Should Be Equal As Strings" library="BuiltIn">
<arg>${resp.status_code}</arg>
<arg>200</arg>
<doc>Fails if objects are unequal after converting them to strings.</doc>
<status status="NOT RUN" starttime="20221201 16:10:35.626" endtime="20221201 16:10:35.626"/>
</kw>
<timeout value="30 seconds"/>
<status status="FAIL" starttime="20221201 16:10:34.979" endtime="20221201 16:10:35.626">ConnectionError: HTTPConnectionPool(host='localhost', port=8080): Max retries exceeded with url: /api/v1/addRelationship (Caused by ProtocolError('Connection aborted.', RemoteDisconnected('Remote end closed connection without response')))</status>
</test>
<test id="s1-t15" name="Test2AddRelationIgnoreExtraParam200" line="105">
<kw name="Create Session" library="RequestsLibrary">
<arg>localhost</arg>
<arg>http://localhost:8080</arg>
<doc>Create Session: create a HTTP session to a server</doc>
<msg timestamp="20221201 16:10:35.628" level="INFO">Creating Session using : alias=localhost, url=http://localhost:8080, headers={},                     cookies={}, auth=None, timeout=None, proxies=None, verify=False,                     debug=0 </msg>
<status status="PASS" starttime="20221201 16:10:35.627" endtime="20221201 16:10:35.629"/>
</kw>
<kw name="Create Dictionary" library="BuiltIn">
<var>${headers}</var>
<arg>Content-Type=application/json</arg>
<doc>Creates and returns a dictionary based on the given ``items``.</doc>
<msg timestamp="20221201 16:10:35.630" level="INFO">${headers} = {'Content-Type': 'application/json'}</msg>
<status status="PASS" starttime="20221201 16:10:35.630" endtime="20221201 16:10:35.630"/>
</kw>
<kw name="Create Dictionary" library="BuiltIn">
<var>${params}</var>
<arg>actorId=nm1</arg>
<arg>movieId=mv002</arg>
<arg>extra=param</arg>
<doc>Creates and returns a dictionary based on the given ``items``.</doc>
<msg timestamp="20221201 16:10:35.631" level="INFO">${params} = {'actorId': 'nm1', 'movieId': 'mv002', 'extra': 'param'}</msg>
<status status="PASS" starttime="20221201 16:10:35.631" endtime="20221201 16:10:35.631"/>
</kw>
<kw name="PUT On Session" library="RequestsLibrary">
<var>${resp}</var>
<arg>localhost</arg>
<arg>/api/v1/addRelationship</arg>
<arg>json=${params}</arg>
<arg>headers=${headers}</arg>
<doc>Sends a PUT request on a previously created HTTP Session.</doc>
<msg timestamp="20221201 16:10:35.642" level="WARN">Retrying (RetryAdapter(total=2, connect=None, read=None, redirect=None, status=None)) after connection broken by 'ProtocolError('Connection aborted.', RemoteDisconnected('Remote end closed connection without response'))': /api/v1/addRelationship</msg>
<msg timestamp="20221201 16:10:35.852" level="WARN">Retrying (RetryAdapter(total=1, connect=None, read=None, redirect=None, status=None)) after connection broken by 'ProtocolError('Connection aborted.', RemoteDisconnected('Remote end closed connection without response'))': /api/v1/addRelationship</msg>
<msg timestamp="20221201 16:10:36.258" level="WARN">Retrying (RetryAdapter(total=0, connect=None, read=None, redirect=None, status=None)) after connection broken by 'ProtocolError('Connection aborted.', RemoteDisconnected('Remote end closed connection without response'))': /api/v1/addRelationship</msg>
<msg timestamp="20221201 16:10:36.262" level="FAIL">ConnectionError: HTTPConnectionPool(host='localhost', port=8080): Max retries exceeded with url: /api/v1/addRelationship (Caused by ProtocolError('Connection aborted.', RemoteDisconnected('Remote end closed connection without response')))</msg>
<status status="FAIL" starttime="20221201 16:10:35.631" endtime="20221201 16:10:36.262"/>
</kw>
<kw name="Should Be Equal As Strings" library="BuiltIn">
<arg>${resp.status_code}</arg>
<arg>200</arg>
<doc>Fails if objects are unequal after converting them to strings.</doc>
<status status="NOT RUN" starttime="20221201 16:10:36.262" endtime="20221201 16:10:36.262"/>
</kw>
<timeout value="30 seconds"/>
<status status="FAIL" starttime="20221201 16:10:35.627" endtime="20221201 16:10:36.263">ConnectionError: HTTPConnectionPool(host='localhost', port=8080): Max retries exceeded with url: /api/v1/addRelationship (Caused by ProtocolError('Connection aborted.', RemoteDisconnected('Remote end closed connection without response')))</status>
</test>
<test id="s1-t16" name="Test4AddRelation200" line="112">
<kw name="Create Session" library="RequestsLibrary">
<arg>localhost</arg>
<arg>http://localhost:8080</arg>
<doc>Create Session: create a HTTP session to a server</doc>
<msg timestamp="20221201 16:10:36.264" level="INFO">Creating Session using : alias=localhost, url=http://localhost:8080, headers={},                     cookies={}, auth=None, timeout=None, proxies=None, verify=False,                     debug=0 </msg>
<status status="PASS" starttime="20221201 16:10:36.263" endtime="20221201 16:10:36.264"/>
</kw>
<kw name="Create Dictionary" library="BuiltIn">
<var>${headers}</var>
<arg>Content-Type=application/json</arg>
<doc>Creates and returns a dictionary based on the given ``items``.</doc>
<msg timestamp="20221201 16:10:36.264" level="INFO">${headers} = {'Content-Type': 'application/json'}</msg>
<status status="PASS" starttime="20221201 16:10:36.264" endtime="20221201 16:10:36.264"/>
</kw>
<kw name="Create Dictionary" library="BuiltIn">
<var>${params}</var>
<arg>actorId=nm3</arg>
<arg>movieId=tt1</arg>
<doc>Creates and returns a dictionary based on the given ``items``.</doc>
<msg timestamp="20221201 16:10:36.265" level="INFO">${params} = {'actorId': 'nm3', 'movieId': 'tt1'}</msg>
<status status="PASS" starttime="20221201 16:10:36.265" endtime="20221201 16:10:36.265"/>
</kw>
<kw name="PUT On Session" library="RequestsLibrary">
<var>${resp}</var>
<arg>localhost</arg>
<arg>/api/v1/addRelationship</arg>
<arg>json=${params}</arg>
<arg>headers=${headers}</arg>
<doc>Sends a PUT request on a previously created HTTP Session.</doc>
<msg timestamp="20221201 16:10:36.271" level="WARN">Retrying (RetryAdapter(total=2, connect=None, read=None, redirect=None, status=None)) after connection broken by 'ProtocolError('Connection aborted.', RemoteDisconnected('Remote end closed connection without response'))': /api/v1/addRelationship</msg>
<msg timestamp="20221201 16:10:36.477" level="WARN">Retrying (RetryAdapter(total=1, connect=None, read=None, redirect=None, status=None)) after connection broken by 'ProtocolError('Connection aborted.', RemoteDisconnected('Remote end closed connection without response'))': /api/v1/addRelationship</msg>
<msg timestamp="20221201 16:10:36.885" level="WARN">Retrying (RetryAdapter(total=0, connect=None, read=None, redirect=None, status=None)) after connection broken by 'ProtocolError('Connection aborted.', RemoteDisconnected('Remote end closed connection without response'))': /api/v1/addRelationship</msg>
<msg timestamp="20221201 16:10:36.890" level="FAIL">ConnectionError: HTTPConnectionPool(host='localhost', port=8080): Max retries exceeded with url: /api/v1/addRelationship (Caused by ProtocolError('Connection aborted.', RemoteDisconnected('Remote end closed connection without response')))</msg>
<status status="FAIL" starttime="20221201 16:10:36.265" endtime="20221201 16:10:36.890"/>
</kw>
<kw name="Should Be Equal As Strings" library="BuiltIn">
<arg>${resp.status_code}</arg>
<arg>200</arg>
<doc>Fails if objects are unequal after converting them to strings.</doc>
<status status="NOT RUN" starttime="20221201 16:10:36.890" endtime="20221201 16:10:36.890"/>
</kw>
<timeout value="30 seconds"/>
<status status="FAIL" starttime="20221201 16:10:36.263" endtime="20221201 16:10:36.891">ConnectionError: HTTPConnectionPool(host='localhost', port=8080): Max retries exceeded with url: /api/v1/addRelationship (Caused by ProtocolError('Connection aborted.', RemoteDisconnected('Remote end closed connection without response')))</status>
</test>
<test id="s1-t17" name="Test5AddRelation200" line="119">
<kw name="Create Session" library="RequestsLibrary">
<arg>localhost</arg>
<arg>http://localhost:8080</arg>
<doc>Create Session: create a HTTP session to a server</doc>
<msg timestamp="20221201 16:10:36.892" level="INFO">Creating Session using : alias=localhost, url=http://localhost:8080, headers={},                     cookies={}, auth=None, timeout=None, proxies=None, verify=False,                     debug=0 </msg>
<status status="PASS" starttime="20221201 16:10:36.892" endtime="20221201 16:10:36.892"/>
</kw>
<kw name="Create Dictionary" library="BuiltIn">
<var>${headers}</var>
<arg>Content-Type=application/json</arg>
<doc>Creates and returns a dictionary based on the given ``items``.</doc>
<msg timestamp="20221201 16:10:36.893" level="INFO">${headers} = {'Content-Type': 'application/json'}</msg>
<status status="PASS" starttime="20221201 16:10:36.893" endtime="20221201 16:10:36.893"/>
</kw>
<kw name="Create Dictionary" library="BuiltIn">
<var>${params}</var>
<arg>actorId=nm0000102</arg>
<arg>movieId=mv001</arg>
<doc>Creates and returns a dictionary based on the given ``items``.</doc>
<msg timestamp="20221201 16:10:36.895" level="INFO">${params} = {'actorId': 'nm0000102', 'movieId': 'mv001'}</msg>
<status status="PASS" starttime="20221201 16:10:36.893" endtime="20221201 16:10:36.895"/>
</kw>
<kw name="PUT On Session" library="RequestsLibrary">
<var>${resp}</var>
<arg>localhost</arg>
<arg>/api/v1/addRelationship</arg>
<arg>json=${params}</arg>
<arg>headers=${headers}</arg>
<doc>Sends a PUT request on a previously created HTTP Session.</doc>
<msg timestamp="20221201 16:10:36.908" level="WARN">Retrying (RetryAdapter(total=2, connect=None, read=None, redirect=None, status=None)) after connection broken by 'ProtocolError('Connection aborted.', RemoteDisconnected('Remote end closed connection without response'))': /api/v1/addRelationship</msg>
<msg timestamp="20221201 16:10:37.127" level="WARN">Retrying (RetryAdapter(total=1, connect=None, read=None, redirect=None, status=None)) after connection broken by 'ProtocolError('Connection aborted.', RemoteDisconnected('Remote end closed connection without response'))': /api/v1/addRelationship</msg>
<msg timestamp="20221201 16:10:37.536" level="WARN">Retrying (RetryAdapter(total=0, connect=None, read=None, redirect=None, status=None)) after connection broken by 'ProtocolError('Connection aborted.', RemoteDisconnected('Remote end closed connection without response'))': /api/v1/addRelationship</msg>
<msg timestamp="20221201 16:10:37.542" level="FAIL">ConnectionError: HTTPConnectionPool(host='localhost', port=8080): Max retries exceeded with url: /api/v1/addRelationship (Caused by ProtocolError('Connection aborted.', RemoteDisconnected('Remote end closed connection without response')))</msg>
<status status="FAIL" starttime="20221201 16:10:36.896" endtime="20221201 16:10:37.543"/>
</kw>
<kw name="Should Be Equal As Strings" library="BuiltIn">
<arg>${resp.status_code}</arg>
<arg>200</arg>
<doc>Fails if objects are unequal after converting them to strings.</doc>
<status status="NOT RUN" starttime="20221201 16:10:37.543" endtime="20221201 16:10:37.543"/>
</kw>
<timeout value="30 seconds"/>
<status status="FAIL" starttime="20221201 16:10:36.891" endtime="20221201 16:10:37.544">ConnectionError: HTTPConnectionPool(host='localhost', port=8080): Max retries exceeded with url: /api/v1/addRelationship (Caused by ProtocolError('Connection aborted.', RemoteDisconnected('Remote end closed connection without response')))</status>
</test>
<test id="s1-t18" name="Test6AddRelation200" line="126">
<kw name="Create Session" library="RequestsLibrary">
<arg>localhost</arg>
<arg>http://localhost:8080</arg>
<doc>Create Session: create a HTTP session to a server</doc>
<msg timestamp="20221201 16:10:37.546" level="INFO">Creating Session using : alias=localhost, url=http://localhost:8080, headers={},                     cookies={}, auth=None, timeout=None, proxies=None, verify=False,                     debug=0 </msg>
<status status="PASS" starttime="20221201 16:10:37.545" endtime="20221201 16:10:37.546"/>
</kw>
<kw name="Create Dictionary" library="BuiltIn">
<var>${headers}</var>
<arg>Content-Type=application/json</arg>
<doc>Creates and returns a dictionary based on the given ``items``.</doc>
<msg timestamp="20221201 16:10:37.547" level="INFO">${headers} = {'Content-Type': 'application/json'}</msg>
<status status="PASS" starttime="20221201 16:10:37.547" endtime="20221201 16:10:37.547"/>
</kw>
<kw name="Create Dictionary" library="BuiltIn">
<var>${params}</var>
<arg>actorId=nm0000102</arg>
<arg>movieId=mv002</arg>
<doc>Creates and returns a dictionary based on the given ``items``.</doc>
<msg timestamp="20221201 16:10:37.548" level="INFO">${params} = {'actorId': 'nm0000102', 'movieId': 'mv002'}</msg>
<status status="PASS" starttime="20221201 16:10:37.547" endtime="20221201 16:10:37.548"/>
</kw>
<kw name="PUT On Session" library="RequestsLibrary">
<var>${resp}</var>
<arg>localhost</arg>
<arg>/api/v1/addRelationship</arg>
<arg>json=${params}</arg>
<arg>headers=${headers}</arg>
<doc>Sends a PUT request on a previously created HTTP Session.</doc>
<msg timestamp="20221201 16:10:37.559" level="WARN">Retrying (RetryAdapter(total=2, connect=None, read=None, redirect=None, status=None)) after connection broken by 'ProtocolError('Connection aborted.', RemoteDisconnected('Remote end closed connection without response'))': /api/v1/addRelationship</msg>
<msg timestamp="20221201 16:10:37.767" level="WARN">Retrying (RetryAdapter(total=1, connect=None, read=None, redirect=None, status=None)) after connection broken by 'ProtocolError('Connection aborted.', RemoteDisconnected('Remote end closed connection without response'))': /api/v1/addRelationship</msg>
<msg timestamp="20221201 16:10:38.177" level="WARN">Retrying (RetryAdapter(total=0, connect=None, read=None, redirect=None, status=None)) after connection broken by 'ProtocolError('Connection aborted.', RemoteDisconnected('Remote end closed connection without response'))': /api/v1/addRelationship</msg>
<msg timestamp="20221201 16:10:38.185" level="FAIL">ConnectionError: HTTPConnectionPool(host='localhost', port=8080): Max retries exceeded with url: /api/v1/addRelationship (Caused by ProtocolError('Connection aborted.', RemoteDisconnected('Remote end closed connection without response')))</msg>
<status status="FAIL" starttime="20221201 16:10:37.548" endtime="20221201 16:10:38.185"/>
</kw>
<kw name="Should Be Equal As Strings" library="BuiltIn">
<arg>${resp.status_code}</arg>
<arg>200</arg>
<doc>Fails if objects are unequal after converting them to strings.</doc>
<status status="NOT RUN" starttime="20221201 16:10:38.186" endtime="20221201 16:10:38.186"/>
</kw>
<timeout value="30 seconds"/>
<status status="FAIL" starttime="20221201 16:10:37.545" endtime="20221201 16:10:38.186">ConnectionError: HTTPConnectionPool(host='localhost', port=8080): Max retries exceeded with url: /api/v1/addRelationship (Caused by ProtocolError('Connection aborted.', RemoteDisconnected('Remote end closed connection without response')))</status>
</test>
<test id="s1-t19" name="Test7AddRelation200" line="133">
<kw name="Create Session" library="RequestsLibrary">
<arg>localhost</arg>
<arg>http://localhost:8080</arg>
<doc>Create Session: create a HTTP session to a server</doc>
<msg timestamp="20221201 16:10:38.188" level="INFO">Creating Session using : alias=localhost, url=http://localhost:8080, headers={},                     cookies={}, auth=None, timeout=None, proxies=None, verify=False,                     debug=0 </msg>
<status status="PASS" starttime="20221201 16:10:38.187" endtime="20221201 16:10:38.188"/>
</kw>
<kw name="Create Dictionary" library="BuiltIn">
<var>${headers}</var>
<arg>Content-Type=application/json</arg>
<doc>Creates and returns a dictionary based on the given ``items``.</doc>
<msg timestamp="20221201 16:10:38.189" level="INFO">${headers} = {'Content-Type': 'application/json'}</msg>
<status status="PASS" starttime="20221201 16:10:38.189" endtime="20221201 16:10:38.189"/>
</kw>
<kw name="Create Dictionary" library="BuiltIn">
<var>${params}</var>
<arg>actorId=nm0000102</arg>
<arg>movieId=mv003</arg>
<doc>Creates and returns a dictionary based on the given ``items``.</doc>
<msg timestamp="20221201 16:10:38.190" level="INFO">${params} = {'actorId': 'nm0000102', 'movieId': 'mv003'}</msg>
<status status="PASS" starttime="20221201 16:10:38.190" endtime="20221201 16:10:38.190"/>
</kw>
<kw name="PUT On Session" library="RequestsLibrary">
<var>${resp}</var>
<arg>localhost</arg>
<arg>/api/v1/addRelationship</arg>
<arg>json=${params}</arg>
<arg>headers=${headers}</arg>
<doc>Sends a PUT request on a previously created HTTP Session.</doc>
<msg timestamp="20221201 16:10:38.200" level="WARN">Retrying (RetryAdapter(total=2, connect=None, read=None, redirect=None, status=None)) after connection broken by 'ProtocolError('Connection aborted.', RemoteDisconnected('Remote end closed connection without response'))': /api/v1/addRelationship</msg>
<msg timestamp="20221201 16:10:38.410" level="WARN">Retrying (RetryAdapter(total=1, connect=None, read=None, redirect=None, status=None)) after connection broken by 'ProtocolError('Connection aborted.', RemoteDisconnected('Remote end closed connection without response'))': /api/v1/addRelationship</msg>
<msg timestamp="20221201 16:10:38.817" level="WARN">Retrying (RetryAdapter(total=0, connect=None, read=None, redirect=None, status=None)) after connection broken by 'ProtocolError('Connection aborted.', RemoteDisconnected('Remote end closed connection without response'))': /api/v1/addRelationship</msg>
<msg timestamp="20221201 16:10:38.823" level="FAIL">ConnectionError: HTTPConnectionPool(host='localhost', port=8080): Max retries exceeded with url: /api/v1/addRelationship (Caused by ProtocolError('Connection aborted.', RemoteDisconnected('Remote end closed connection without response')))</msg>
<status status="FAIL" starttime="20221201 16:10:38.190" endtime="20221201 16:10:38.823"/>
</kw>
<kw name="Should Be Equal As Strings" library="BuiltIn">
<arg>${resp.status_code}</arg>
<arg>200</arg>
<doc>Fails if objects are unequal after converting them to strings.</doc>
<status status="NOT RUN" starttime="20221201 16:10:38.824" endtime="20221201 16:10:38.824"/>
</kw>
<timeout value="30 seconds"/>
<status status="FAIL" starttime="20221201 16:10:38.187" endtime="20221201 16:10:38.824">ConnectionError: HTTPConnectionPool(host='localhost', port=8080): Max retries exceeded with url: /api/v1/addRelationship (Caused by ProtocolError('Connection aborted.', RemoteDisconnected('Remote end closed connection without response')))</status>
</test>
<test id="s1-t20" name="TestAddRelationBadBodyParam400" line="140">
<kw name="Create Session" library="RequestsLibrary">
<arg>localhost</arg>
<arg>http://localhost:8080</arg>
<doc>Create Session: create a HTTP session to a server</doc>
<msg timestamp="20221201 16:10:38.826" level="INFO">Creating Session using : alias=localhost, url=http://localhost:8080, headers={},                     cookies={}, auth=None, timeout=None, proxies=None, verify=False,                     debug=0 </msg>
<status status="PASS" starttime="20221201 16:10:38.825" endtime="20221201 16:10:38.826"/>
</kw>
<kw name="Create Dictionary" library="BuiltIn">
<var>${headers}</var>
<arg>Content-Type=application/json</arg>
<doc>Creates and returns a dictionary based on the given ``items``.</doc>
<msg timestamp="20221201 16:10:38.827" level="INFO">${headers} = {'Content-Type': 'application/json'}</msg>
<status status="PASS" starttime="20221201 16:10:38.826" endtime="20221201 16:10:38.827"/>
</kw>
<kw name="Create Dictionary" library="BuiltIn">
<var>${params}</var>
<arg>actor=nm0000102</arg>
<doc>Creates and returns a dictionary based on the given ``items``.</doc>
<msg timestamp="20221201 16:10:38.828" level="INFO">${params} = {'actor': 'nm0000102'}</msg>
<status status="PASS" starttime="20221201 16:10:38.828" endtime="20221201 16:10:38.828"/>
</kw>
<kw name="PUT On Session" library="RequestsLibrary">
<var>${resp}</var>
<arg>localhost</arg>
<arg>/api/v1/addRelationship</arg>
<arg>json=${params}</arg>
<arg>headers=${headers}</arg>
<arg>expected_status=400</arg>
<doc>Sends a PUT request on a previously created HTTP Session.</doc>
<msg timestamp="20221201 16:10:38.841" level="WARN">Retrying (RetryAdapter(total=2, connect=None, read=None, redirect=None, status=None)) after connection broken by 'ProtocolError('Connection aborted.', RemoteDisconnected('Remote end closed connection without response'))': /api/v1/addRelationship</msg>
<msg timestamp="20221201 16:10:39.053" level="WARN">Retrying (RetryAdapter(total=1, connect=None, read=None, redirect=None, status=None)) after connection broken by 'ProtocolError('Connection aborted.', RemoteDisconnected('Remote end closed connection without response'))': /api/v1/addRelationship</msg>
<msg timestamp="20221201 16:10:39.460" level="WARN">Retrying (RetryAdapter(total=0, connect=None, read=None, redirect=None, status=None)) after connection broken by 'ProtocolError('Connection aborted.', RemoteDisconnected('Remote end closed connection without response'))': /api/v1/addRelationship</msg>
<msg timestamp="20221201 16:10:39.464" level="FAIL">ConnectionError: HTTPConnectionPool(host='localhost', port=8080): Max retries exceeded with url: /api/v1/addRelationship (Caused by ProtocolError('Connection aborted.', RemoteDisconnected('Remote end closed connection without response')))</msg>
<status status="FAIL" starttime="20221201 16:10:38.828" endtime="20221201 16:10:39.465"/>
</kw>
<kw name="Should Be Equal As Strings" library="BuiltIn">
<arg>${resp.status_code}</arg>
<arg>400</arg>
<doc>Fails if objects are unequal after converting them to strings.</doc>
<status status="NOT RUN" starttime="20221201 16:10:39.465" endtime="20221201 16:10:39.465"/>
</kw>
<timeout value="30 seconds"/>
<status status="FAIL" starttime="20221201 16:10:38.825" endtime="20221201 16:10:39.466">ConnectionError: HTTPConnectionPool(host='localhost', port=8080): Max retries exceeded with url: /api/v1/addRelationship (Caused by ProtocolError('Connection aborted.', RemoteDisconnected('Remote end closed connection without response')))</status>
</test>
<test id="s1-t21" name="TestAddRelationMovieNoExist404" line="147">
<kw name="Create Session" library="RequestsLibrary">
<arg>localhost</arg>
<arg>http://localhost:8080</arg>
<doc>Create Session: create a HTTP session to a server</doc>
<msg timestamp="20221201 16:10:39.468" level="INFO">Creating Session using : alias=localhost, url=http://localhost:8080, headers={},                     cookies={}, auth=None, timeout=None, proxies=None, verify=False,                     debug=0 </msg>
<status status="PASS" starttime="20221201 16:10:39.467" endtime="20221201 16:10:39.468"/>
</kw>
<kw name="Create Dictionary" library="BuiltIn">
<var>${headers}</var>
<arg>Content-Type=application/json</arg>
<doc>Creates and returns a dictionary based on the given ``items``.</doc>
<msg timestamp="20221201 16:10:39.469" level="INFO">${headers} = {'Content-Type': 'application/json'}</msg>
<status status="PASS" starttime="20221201 16:10:39.468" endtime="20221201 16:10:39.469"/>
</kw>
<kw name="Create Dictionary" library="BuiltIn">
<var>${params}</var>
<arg>actorId=nm0000102</arg>
<arg>movieId=notexist</arg>
<doc>Creates and returns a dictionary based on the given ``items``.</doc>
<msg timestamp="20221201 16:10:39.469" level="INFO">${params} = {'actorId': 'nm0000102', 'movieId': 'notexist'}</msg>
<status status="PASS" starttime="20221201 16:10:39.469" endtime="20221201 16:10:39.469"/>
</kw>
<kw name="PUT On Session" library="RequestsLibrary">
<var>${resp}</var>
<arg>localhost</arg>
<arg>/api/v1/addRelationship</arg>
<arg>json=${params}</arg>
<arg>headers=${headers}</arg>
<arg>expected_status=404</arg>
<doc>Sends a PUT request on a previously created HTTP Session.</doc>
<msg timestamp="20221201 16:10:39.474" level="WARN">Retrying (RetryAdapter(total=2, connect=None, read=None, redirect=None, status=None)) after connection broken by 'ProtocolError('Connection aborted.', RemoteDisconnected('Remote end closed connection without response'))': /api/v1/addRelationship</msg>
<msg timestamp="20221201 16:10:39.683" level="WARN">Retrying (RetryAdapter(total=1, connect=None, read=None, redirect=None, status=None)) after connection broken by 'ProtocolError('Connection aborted.', RemoteDisconnected('Remote end closed connection without response'))': /api/v1/addRelationship</msg>
<msg timestamp="20221201 16:10:40.093" level="WARN">Retrying (RetryAdapter(total=0, connect=None, read=None, redirect=None, status=None)) after connection broken by 'ProtocolError('Connection aborted.', RemoteDisconnected('Remote end closed connection without response'))': /api/v1/addRelationship</msg>
<msg timestamp="20221201 16:10:40.097" level="FAIL">ConnectionError: HTTPConnectionPool(host='localhost', port=8080): Max retries exceeded with url: /api/v1/addRelationship (Caused by ProtocolError('Connection aborted.', RemoteDisconnected('Remote end closed connection without response')))</msg>
<status status="FAIL" starttime="20221201 16:10:39.469" endtime="20221201 16:10:40.097"/>
</kw>
<kw name="Should Be Equal As Strings" library="BuiltIn">
<arg>${resp.status_code}</arg>
<arg>404</arg>
<doc>Fails if objects are unequal after converting them to strings.</doc>
<status status="NOT RUN" starttime="20221201 16:10:40.097" endtime="20221201 16:10:40.097"/>
</kw>
<timeout value="30 seconds"/>
<status status="FAIL" starttime="20221201 16:10:39.466" endtime="20221201 16:10:40.098">ConnectionError: HTTPConnectionPool(host='localhost', port=8080): Max retries exceeded with url: /api/v1/addRelationship (Caused by ProtocolError('Connection aborted.', RemoteDisconnected('Remote end closed connection without response')))</status>
</test>
<test id="s1-t22" name="TestAddRelationActorNoExist404" line="154">
<kw name="Create Session" library="RequestsLibrary">
<arg>localhost</arg>
<arg>http://localhost:8080</arg>
<doc>Create Session: create a HTTP session to a server</doc>
<msg timestamp="20221201 16:10:40.099" level="INFO">Creating Session using : alias=localhost, url=http://localhost:8080, headers={},                     cookies={}, auth=None, timeout=None, proxies=None, verify=False,                     debug=0 </msg>
<status status="PASS" starttime="20221201 16:10:40.099" endtime="20221201 16:10:40.099"/>
</kw>
<kw name="Create Dictionary" library="BuiltIn">
<var>${headers}</var>
<arg>Content-Type=application/json</arg>
<doc>Creates and returns a dictionary based on the given ``items``.</doc>
<msg timestamp="20221201 16:10:40.100" level="INFO">${headers} = {'Content-Type': 'application/json'}</msg>
<status status="PASS" starttime="20221201 16:10:40.099" endtime="20221201 16:10:40.100"/>
</kw>
<kw name="Create Dictionary" library="BuiltIn">
<var>${params}</var>
<arg>actorId=notexist</arg>
<arg>movieId=tt1</arg>
<doc>Creates and returns a dictionary based on the given ``items``.</doc>
<msg timestamp="20221201 16:10:40.100" level="INFO">${params} = {'actorId': 'notexist', 'movieId': 'tt1'}</msg>
<status status="PASS" starttime="20221201 16:10:40.100" endtime="20221201 16:10:40.100"/>
</kw>
<kw name="PUT On Session" library="RequestsLibrary">
<var>${resp}</var>
<arg>localhost</arg>
<arg>/api/v1/addRelationship</arg>
<arg>json=${params}</arg>
<arg>headers=${headers}</arg>
<arg>expected_status=404</arg>
<doc>Sends a PUT request on a previously created HTTP Session.</doc>
<msg timestamp="20221201 16:10:40.105" level="WARN">Retrying (RetryAdapter(total=2, connect=None, read=None, redirect=None, status=None)) after connection broken by 'ProtocolError('Connection aborted.', RemoteDisconnected('Remote end closed connection without response'))': /api/v1/addRelationship</msg>
<msg timestamp="20221201 16:10:40.325" level="WARN">Retrying (RetryAdapter(total=1, connect=None, read=None, redirect=None, status=None)) after connection broken by 'ProtocolError('Connection aborted.', RemoteDisconnected('Remote end closed connection without response'))': /api/v1/addRelationship</msg>
<msg timestamp="20221201 16:10:40.732" level="WARN">Retrying (RetryAdapter(total=0, connect=None, read=None, redirect=None, status=None)) after connection broken by 'ProtocolError('Connection aborted.', RemoteDisconnected('Remote end closed connection without response'))': /api/v1/addRelationship</msg>
<msg timestamp="20221201 16:10:40.736" level="FAIL">ConnectionError: HTTPConnectionPool(host='localhost', port=8080): Max retries exceeded with url: /api/v1/addRelationship (Caused by ProtocolError('Connection aborted.', RemoteDisconnected('Remote end closed connection without response')))</msg>
<status status="FAIL" starttime="20221201 16:10:40.100" endtime="20221201 16:10:40.736"/>
</kw>
<kw name="Should Be Equal As Strings" library="BuiltIn">
<arg>${resp.status_code}</arg>
<arg>404</arg>
<doc>Fails if objects are unequal after converting them to strings.</doc>
<status status="NOT RUN" starttime="20221201 16:10:40.736" endtime="20221201 16:10:40.736"/>
</kw>
<timeout value="30 seconds"/>
<status status="FAIL" starttime="20221201 16:10:40.098" endtime="20221201 16:10:40.737">ConnectionError: HTTPConnectionPool(host='localhost', port=8080): Max retries exceeded with url: /api/v1/addRelationship (Caused by ProtocolError('Connection aborted.', RemoteDisconnected('Remote end closed connection without response')))</status>
</test>
<test id="s1-t23" name="TestAddRelationBothNoExist404" line="161">
<kw name="Create Session" library="RequestsLibrary">
<arg>localhost</arg>
<arg>http://localhost:8080</arg>
<doc>Create Session: create a HTTP session to a server</doc>
<msg timestamp="20221201 16:10:40.739" level="INFO">Creating Session using : alias=localhost, url=http://localhost:8080, headers={},                     cookies={}, auth=None, timeout=None, proxies=None, verify=False,                     debug=0 </msg>
<status status="PASS" starttime="20221201 16:10:40.738" endtime="20221201 16:10:40.739"/>
</kw>
<kw name="Create Dictionary" library="BuiltIn">
<var>${headers}</var>
<arg>Content-Type=application/json</arg>
<doc>Creates and returns a dictionary based on the given ``items``.</doc>
<msg timestamp="20221201 16:10:40.739" level="INFO">${headers} = {'Content-Type': 'application/json'}</msg>
<status status="PASS" starttime="20221201 16:10:40.739" endtime="20221201 16:10:40.739"/>
</kw>
<kw name="Create Dictionary" library="BuiltIn">
<var>${params}</var>
<arg>actorId=notexist</arg>
<arg>movieId=notexist</arg>
<doc>Creates and returns a dictionary based on the given ``items``.</doc>
<msg timestamp="20221201 16:10:40.740" level="INFO">${params} = {'actorId': 'notexist', 'movieId': 'notexist'}</msg>
[...]
<msg timestamp="20221201 16:10:41.669" level="WARN">Retrying (RetryAdapter(total=1, connect=None, read=None, redirect=None, status=None)) after connection broken by 'ProtocolError('Connection aborted.', RemoteDisconnected('Remote end closed connection without response'))': /api/v1/getActor</msg>
<msg timestamp="20221201 16:10:42.078" level="WARN">Retrying (RetryAdapter(total=0, connect=None, read=None, redirect=None, status=None)) after connection broken by 'ProtocolError('Connection aborted.', RemoteDisconnected('Remote end closed connection without response'))': /api/v1/getActor</msg>
<msg timestamp="20221201 16:10:42.097" level="WARN">Retrying (RetryAdapter(total=2, connect=None, read=None, redirect=None, status=None)) after connection broken by 'ProtocolError('Connection aborted.', RemoteDisconnected('Remote end closed connection without response'))': /api/v1/getActor</msg>
<msg timestamp="20221201 16:10:42.307" level="WARN">Retrying (RetryAdapter(total=1, connect=None, read=None, redirect=None, status=None)) after connection broken by 'ProtocolError('Connection aborted.', RemoteDisconnected('Remote end closed connection without response'))': /api/v1/getActor</msg>
<msg timestamp="20221201 16:10:42.717" level="WARN">Retrying (RetryAdapter(total=0, connect=None, read=None, redirect=None, status=None)) after connection broken by 'ProtocolError('Connection aborted.', RemoteDisconnected('Remote end closed connection without response'))': /api/v1/getActor</msg>
<msg timestamp="20221201 16:10:42.729" level="WARN">Retrying (RetryAdapter(total=2, connect=None, read=None, redirect=None, status=None)) after connection broken by 'ProtocolError('Connection aborted.', RemoteDisconnected('Remote end closed connection without response'))': /api/v1/getActor</msg>
<msg timestamp="20221201 16:10:42.937" level="WARN">Retrying (RetryAdapter(total=1, connect=None, read=None, redirect=None, status=None)) after connection broken by 'ProtocolError('Connection aborted.', RemoteDisconnected('Remote end closed connection without response'))': /api/v1/getActor</msg>
<msg timestamp="20221201 16:10:43.344" level="WARN">Retrying (RetryAdapter(total=0, connect=None, read=None, redirect=None, status=None)) after connection broken by 'ProtocolError('Connection aborted.', RemoteDisconnected('Remote end closed connection without response'))': /api/v1/getActor</msg>
<msg timestamp="20221201 16:10:43.377" level="WARN">Retrying (RetryAdapter(total=2, connect=None, read=None, redirect=None, status=None)) after connection broken by 'ProtocolError('Connection aborted.', RemoteDisconnected('Remote end closed connection without response'))': /api/v1/getActor</msg>
<msg timestamp="20221201 16:10:43.589" level="WARN">Retrying (RetryAdapter(total=1, connect=None, read=None, redirect=None, status=None)) after connection broken by 'ProtocolError('Connection aborted.', RemoteDisconnected('Remote end closed connection without response'))': /api/v1/getActor</msg>
<msg timestamp="20221201 16:10:43.999" level="WARN">Retrying (RetryAdapter(total=0, connect=None, read=None, redirect=None, status=None)) after connection broken by 'ProtocolError('Connection aborted.', RemoteDisconnected('Remote end closed connection without response'))': /api/v1/getActor</msg>
<msg timestamp="20221201 16:10:44.021" level="WARN">Retrying (RetryAdapter(total=2, connect=None, read=None, redirect=None, status=None)) after connection broken by 'ProtocolError('Connection aborted.', RemoteDisconnected('Remote end closed connection without response'))': /api/v1/getActor</msg>
<msg timestamp="20221201 16:10:44.231" level="WARN">Retrying (RetryAdapter(total=1, connect=None, read=None, redirect=None, status=None)) after connection broken by 'ProtocolError('Connection aborted.', RemoteDisconnected('Remote end closed connection without response'))': /api/v1/getActor</msg>
<msg timestamp="20221201 16:10:44.639" level="WARN">Retrying (RetryAdapter(total=0, connect=None, read=None, redirect=None, status=None)) after connection broken by 'ProtocolError('Connection aborted.', RemoteDisconnected('Remote end closed connection without response'))': /api/v1/getActor</msg>
<msg timestamp="20221201 16:10:44.664" level="WARN">Retrying (RetryAdapter(total=2, connect=None, read=None, redirect=None, status=None)) after connection broken by 'ProtocolError('Connection aborted.', RemoteDisconnected('Remote end closed connection without response'))': /api/v1/hasRelationship</msg>
<msg timestamp="20221201 16:10:44.871" level="WARN">Retrying (RetryAdapter(total=1, connect=None, read=None, redirect=None, status=None)) after connection broken by 'ProtocolError('Connection aborted.', RemoteDisconnected('Remote end closed connection without response'))': /api/v1/hasRelationship</msg>
<msg timestamp="20221201 16:10:45.280" level="WARN">Retrying (RetryAdapter(total=0, connect=None, read=None, redirect=None, status=None)) after connection broken by 'ProtocolError('Connection aborted.', RemoteDisconnected('Remote end closed connection without response'))': /api/v1/hasRelationship</msg>
<msg timestamp="20221201 16:10:45.304" level="WARN">Retrying (RetryAdapter(total=2, connect=None, read=None, redirect=None, status=None)) after connection broken by 'ProtocolError('Connection aborted.', RemoteDisconnected('Remote end closed connection without response'))': /api/v1/hasRelationship</msg>
<msg timestamp="20221201 16:10:45.515" level="WARN">Retrying (RetryAdapter(total=1, connect=None, read=None, redirect=None, status=None)) after connection broken by 'ProtocolError('Connection aborted.', RemoteDisconnected('Remote end closed connection without response'))': /api/v1/hasRelationship</msg>
<msg timestamp="20221201 16:10:45.924" level="WARN">Retrying (RetryAdapter(total=0, connect=None, read=None, redirect=None, status=None)) after connection broken by 'ProtocolError('Connection aborted.', RemoteDisconnected('Remote end closed connection without response'))': /api/v1/hasRelationship</msg>
<msg timestamp="20221201 16:10:45.945" level="WARN">Retrying (RetryAdapter(total=2, connect=None, read=None, redirect=None, status=None)) after connection broken by 'ProtocolError('Connection aborted.', RemoteDisconnected('Remote end closed connection without response'))': /api/v1/hasRelationship</msg>
<msg timestamp="20221201 16:10:46.155" level="WARN">Retrying (RetryAdapter(total=1, connect=None, read=None, redirect=None, status=None)) after connection broken by 'ProtocolError('Connection aborted.', RemoteDisconnected('Remote end closed connection without response'))': /api/v1/hasRelationship</msg>
<msg timestamp="20221201 16:10:46.565" level="WARN">Retrying (RetryAdapter(total=0, connect=None, read=None, redirect=None, status=None)) after connection broken by 'ProtocolError('Connection aborted.', RemoteDisconnected('Remote end closed connection without response'))': /api/v1/hasRelationship</msg>
<msg timestamp="20221201 16:10:46.586" level="WARN">Retrying (RetryAdapter(total=2, connect=None, read=None, redirect=None, status=None)) after connection broken by 'ProtocolError('Connection aborted.', RemoteDisconnected('Remote end closed connection without response'))': /api/v1/hasRelationship</msg>
<msg timestamp="20221201 16:10:46.794" level="WARN">Retrying (RetryAdapter(total=1, connect=None, read=None, redirect=None, status=None)) after connection broken by 'ProtocolError('Connection aborted.', RemoteDisconnected('Remote end closed connection without response'))': /api/v1/hasRelationship</msg>
<msg timestamp="20221201 16:10:47.201" level="WARN">Retrying (RetryAdapter(total=0, connect=None, read=None, redirect=None, status=None)) after connection broken by 'ProtocolError('Connection aborted.', RemoteDisconnected('Remote end closed connection without response'))': /api/v1/hasRelationship</msg>
<msg timestamp="20221201 16:10:47.225" level="WARN">Retrying (RetryAdapter(total=2, connect=None, read=None, redirect=None, status=None)) after connection broken by 'ProtocolError('Connection aborted.', RemoteDisconnected('Remote end closed connection without response'))': /api/v1/hasRelationship</msg>
<msg timestamp="20221201 16:10:47.430" level="WARN">Retrying (RetryAdapter(total=1, connect=None, read=None, redirect=None, status=None)) after connection broken by 'ProtocolError('Connection aborted.', RemoteDisconnected('Remote end closed connection without response'))': /api/v1/hasRelationship</msg>
<msg timestamp="20221201 16:10:47.839" level="WARN">Retrying (RetryAdapter(total=0, connect=None, read=None, redirect=None, status=None)) after connection broken by 'ProtocolError('Connection aborted.', RemoteDisconnected('Remote end closed connection without response'))': /api/v1/hasRelationship</msg>
<msg timestamp="20221201 16:10:47.867" level="WARN">Retrying (RetryAdapter(total=2, connect=None, read=None, redirect=None, status=None)) after connection broken by 'ProtocolError('Connection aborted.', RemoteDisconnected('Remote end closed connection without response'))': /api/v1/computeBaconNumber</msg>
<msg timestamp="20221201 16:10:48.074" level="WARN">Retrying (RetryAdapter(total=1, connect=None, read=None, redirect=None, status=None)) after connection broken by 'ProtocolError('Connection aborted.', RemoteDisconnected('Remote end closed connection without response'))': /api/v1/computeBaconNumber</msg>
<msg timestamp="20221201 16:10:48.483" level="WARN">Retrying (RetryAdapter(total=0, connect=None, read=None, redirect=None, status=None)) after connection broken by 'ProtocolError('Connection aborted.', RemoteDisconnected('Remote end closed connection without response'))': /api/v1/computeBaconNumber</msg>
<msg timestamp="20221201 16:10:48.508" level="WARN">Retrying (RetryAdapter(total=2, connect=None, read=None, redirect=None, status=None)) after connection broken by 'ProtocolError('Connection aborted.', RemoteDisconnected('Remote end closed connection without response'))': /api/v1/computeBaconNumber</msg>
<msg timestamp="20221201 16:10:48.715" level="WARN">Retrying (RetryAdapter(total=1, connect=None, read=None, redirect=None, status=None)) after connection broken by 'ProtocolError('Connection aborted.', RemoteDisconnected('Remote end closed connection without response'))': /api/v1/computeBaconNumber</msg>
<msg timestamp="20221201 16:10:49.124" level="WARN">Retrying (RetryAdapter(total=0, connect=None, read=None, redirect=None, status=None)) after connection broken by 'ProtocolError('Connection aborted.', RemoteDisconnected('Remote end closed connection without response'))': /api/v1/computeBaconNumber</msg>
<msg timestamp="20221201 16:10:49.149" level="WARN">Retrying (RetryAdapter(total=2, connect=None, read=None, redirect=None, status=None)) after connection broken by 'ProtocolError('Connection aborted.', RemoteDisconnected('Remote end closed connection without response'))': /api/v1/computeBaconNumber</msg>
<msg timestamp="20221201 16:10:49.357" level="WARN">Retrying (RetryAdapter(total=1, connect=None, read=None, redirect=None, status=None)) after connection broken by 'ProtocolError('Connection aborted.', RemoteDisconnected('Remote end closed connection without response'))': /api/v1/computeBaconNumber</msg>
<msg timestamp="20221201 16:10:49.765" level="WARN">Retrying (RetryAdapter(total=0, connect=None, read=None, redirect=None, status=None)) after connection broken by 'ProtocolError('Connection aborted.', RemoteDisconnected('Remote end closed connection without response'))': /api/v1/computeBaconNumber</msg>
<msg timestamp="20221201 16:10:49.789" level="WARN">Retrying (RetryAdapter(total=2, connect=None, read=None, redirect=None, status=None)) after connection broken by 'ProtocolError('Connection aborted.', RemoteDisconnected('Remote end closed connection without response'))': /api/v1/computeBaconNumber</msg>
<msg timestamp="20221201 16:10:49.996" level="WARN">Retrying (RetryAdapter(total=1, connect=None, read=None, redirect=None, status=None)) after connection broken by 'ProtocolError('Connection aborted.', RemoteDisconnected('Remote end closed connection without response'))': /api/v1/computeBaconNumber</msg>
<msg timestamp="20221201 16:10:50.405" level="WARN">Retrying (RetryAdapter(total=0, connect=None, read=None, redirect=None, status=None)) after connection broken by 'ProtocolError('Connection aborted.', RemoteDisconnected('Remote end closed connection without response'))': /api/v1/computeBaconNumber</msg>
<msg timestamp="20221201 16:10:50.424" level="WARN">Retrying (RetryAdapter(total=2, connect=None, read=None, redirect=None, status=None)) after connection broken by 'ProtocolError('Connection aborted.', RemoteDisconnected('Remote end closed connection without response'))': /api/v1/computeBaconNumber</msg>
<msg timestamp="20221201 16:10:50.634" level="WARN">Retrying (RetryAdapter(total=1, connect=None, read=None, redirect=None, status=None)) after connection broken by 'ProtocolError('Connection aborted.', RemoteDisconnected('Remote end closed connection without response'))': /api/v1/computeBaconNumber</msg>
<msg timestamp="20221201 16:10:51.041" level="WARN">Retrying (RetryAdapter(total=0, connect=None, read=None, redirect=None, status=None)) after connection broken by 'ProtocolError('Connection aborted.', RemoteDisconnected('Remote end closed connection without response'))': /api/v1/computeBaconNumber</msg>
<msg timestamp="20221201 16:10:51.063" level="WARN">Retrying (RetryAdapter(total=2, connect=None, read=None, redirect=None, status=None)) after connection broken by 'ProtocolError('Connection aborted.', RemoteDisconnected('Remote end closed connection without response'))': /api/v1/computeBaconNumber</msg>
<msg timestamp="20221201 16:10:51.268" level="WARN">Retrying (RetryAdapter(total=1, connect=None, read=None, redirect=None, status=None)) after connection broken by 'ProtocolError('Connection aborted.', RemoteDisconnected('Remote end closed connection without response'))': /api/v1/computeBaconNumber</msg>
<msg timestamp="20221201 16:10:51.680" level="WARN">Retrying (RetryAdapter(total=0, connect=None, read=None, redirect=None, status=None)) after connection broken by 'ProtocolError('Connection aborted.', RemoteDisconnected('Remote end closed connection without response'))': /api/v1/computeBaconNumber</msg>
<msg timestamp="20221201 16:10:51.702" level="WARN">Retrying (RetryAdapter(total=2, connect=None, read=None, redirect=None, status=None)) after connection broken by 'ProtocolError('Connection aborted.', RemoteDisconnected('Remote end closed connection without response'))': /api/v1/computeBaconPath</msg>
<msg timestamp="20221201 16:10:51.912" level="WARN">Retrying (RetryAdapter(total=1, connect=None, read=None, redirect=None, status=None)) after connection broken by 'ProtocolError('Connection aborted.', RemoteDisconnected('Remote end closed connection without response'))': /api/v1/computeBaconPath</msg>
<msg timestamp="20221201 16:10:52.319" level="WARN">Retrying (RetryAdapter(total=0, connect=None, read=None, redirect=None, status=None)) after connection broken by 'ProtocolError('Connection aborted.', RemoteDisconnected('Remote end closed connection without response'))': /api/v1/computeBaconPath</msg>
<msg timestamp="20221201 16:10:52.341" level="WARN">Retrying (RetryAdapter(total=2, connect=None, read=None, redirect=None, status=None)) after connection broken by 'ProtocolError('Connection aborted.', RemoteDisconnected('Remote end closed connection without response'))': /api/v1/computeBaconPath</msg>
<msg timestamp="20221201 16:10:52.550" level="WARN">Retrying (RetryAdapter(total=1, connect=None, read=None, redirect=None, status=None)) after connection broken by 'ProtocolError('Connection aborted.', RemoteDisconnected('Remote end closed connection without response'))': /api/v1/computeBaconPath</msg>
<msg timestamp="20221201 16:10:52.962" level="WARN">Retrying (RetryAdapter(total=0, connect=None, read=None, redirect=None, status=None)) after connection broken by 'ProtocolError('Connection aborted.', RemoteDisconnected('Remote end closed connection without response'))': /api/v1/computeBaconPath</msg>
<msg timestamp="20221201 16:10:52.986" level="WARN">Retrying (RetryAdapter(total=2, connect=None, read=None, redirect=None, status=None)) after connection broken by 'ProtocolError('Connection aborted.', RemoteDisconnected('Remote end closed connection without response'))': /api/v1/computeBaconPath</msg>
<msg timestamp="20221201 16:10:53.194" level="WARN">Retrying (RetryAdapter(total=1, connect=None, read=None, redirect=None, status=None)) after connection broken by 'ProtocolError('Connection aborted.', RemoteDisconnected('Remote end closed connection without response'))': /api/v1/computeBaconPath</msg>
<msg timestamp="20221201 16:10:53.603" level="WARN">Retrying (RetryAdapter(total=0, connect=None, read=None, redirect=None, status=None)) after connection broken by 'ProtocolError('Connection aborted.', RemoteDisconnected('Remote end closed connection without response'))': /api/v1/computeBaconPath</msg>
<msg timestamp="20221201 16:10:53.624" level="WARN">Retrying (RetryAdapter(total=2, connect=None, read=None, redirect=None, status=None)) after connection broken by 'ProtocolError('Connection aborted.', RemoteDisconnected('Remote end closed connection without response'))': /api/v1/computeBaconPath</msg>
<msg timestamp="20221201 16:10:53.833" level="WARN">Retrying (RetryAdapter(total=1, connect=None, read=None, redirect=None, status=None)) after connection broken by 'ProtocolError('Connection aborted.', RemoteDisconnected('Remote end closed connection without response'))': /api/v1/computeBaconPath</msg>
<msg timestamp="20221201 16:10:54.245" level="WARN">Retrying (RetryAdapter(total=0, connect=None, read=None, redirect=None, status=None)) after connection broken by 'ProtocolError('Connection aborted.', RemoteDisconnected('Remote end closed connection without response'))': /api/v1/computeBaconPath</msg>
<msg timestamp="20221201 16:10:54.267" level="WARN">Retrying (RetryAdapter(total=2, connect=None, read=None, redirect=None, status=None)) after connection broken by 'ProtocolError('Connection aborted.', RemoteDisconnected('Remote end closed connection without response'))': /api/v1/computeBaconPath</msg>
<msg timestamp="20221201 16:10:54.477" level="WARN">Retrying (RetryAdapter(total=1, connect=None, read=None, redirect=None, status=None)) after connection broken by 'ProtocolError('Connection aborted.', RemoteDisconnected('Remote end closed connection without response'))': /api/v1/computeBaconPath</msg>
<msg timestamp="20221201 16:10:54.884" level="WARN">Retrying (RetryAdapter(total=0, connect=None, read=None, redirect=None, status=None)) after connection broken by 'ProtocolError('Connection aborted.', RemoteDisconnected('Remote end closed connection without response'))': /api/v1/computeBaconPath</msg>
<msg timestamp="20221201 16:10:54.908" level="WARN">Retrying (RetryAdapter(total=2, connect=None, read=None, redirect=None, status=None)) after connection broken by 'ProtocolError('Connection aborted.', RemoteDisconnected('Remote end closed connection without response'))': /api/v1/computeBaconPath</msg>
<msg timestamp="20221201 16:10:55.115" level="WARN">Retrying (RetryAdapter(total=1, connect=None, read=None, redirect=None, status=None)) after connection broken by 'ProtocolError('Connection aborted.', RemoteDisconnected('Remote end closed connection without response'))': /api/v1/computeBaconPath</msg>
<msg timestamp="20221201 16:10:55.526" level="WARN">Retrying (RetryAdapter(total=0, connect=None, read=None, redirect=None, status=None)) after connection broken by 'ProtocolError('Connection aborted.', RemoteDisconnected('Remote end closed connection without response'))': /api/v1/computeBaconPath</msg>
</errors>
</robot>
